appname:promotion 2019-06-11 10:57:24.930  INFO 4552 --- [restartedMain] com.lgj.App                              : Starting App on BZ5M44VK2 with PID 4552 (D:\testDemo\example\target\classes started by lsh8918 in D:\testDemo\example)
appname:promotion 2019-06-11 10:57:24.935  INFO 4552 --- [restartedMain] com.lgj.App                              : No active profile set, falling back to default profiles: default
appname:promotion 2019-06-11 10:57:24.986  INFO 4552 --- [restartedMain] .e.DevToolsPropertyDefaultsPostProcessor : Devtools property defaults active! Set 'spring.devtools.add-properties' to 'false' to disable
appname:promotion 2019-06-11 10:57:24.987  INFO 4552 --- [restartedMain] .e.DevToolsPropertyDefaultsPostProcessor : For additional web related logging consider setting the 'logging.level.web' property to 'DEBUG'
appname:promotion 2019-06-11 10:57:26.051  WARN 4552 --- [restartedMain] o.m.s.mapper.ClassPathMapperScanner      : No MyBatis mapper was found in '[com.lgj]' package. Please check your configuration.
appname:promotion 2019-06-11 10:57:26.099  INFO 4552 --- [restartedMain] .s.d.r.c.RepositoryConfigurationDelegate : Multiple Spring Data modules found, entering strict repository configuration mode!
appname:promotion 2019-06-11 10:57:26.102  INFO 4552 --- [restartedMain] .s.d.r.c.RepositoryConfigurationDelegate : Bootstrapping Spring Data repositories in DEFAULT mode.
appname:promotion 2019-06-11 10:57:26.144  INFO 4552 --- [restartedMain] .s.d.r.c.RepositoryConfigurationDelegate : Finished Spring Data repository scanning in 23ms. Found 0 repository interfaces.
appname:promotion 2019-06-11 10:57:30.008  INFO 9600 --- [restartedMain] com.lgj.App                              : Starting App on BZ5M44VK2 with PID 9600 (D:\testDemo\example\target\classes started by lsh8918 in D:\testDemo\example)
appname:promotion 2019-06-11 10:57:30.010  INFO 9600 --- [restartedMain] com.lgj.App                              : No active profile set, falling back to default profiles: default
appname:promotion 2019-06-11 10:57:30.059  INFO 9600 --- [restartedMain] .e.DevToolsPropertyDefaultsPostProcessor : Devtools property defaults active! Set 'spring.devtools.add-properties' to 'false' to disable
appname:promotion 2019-06-11 10:57:30.060  INFO 9600 --- [restartedMain] .e.DevToolsPropertyDefaultsPostProcessor : For additional web related logging consider setting the 'logging.level.web' property to 'DEBUG'
appname:promotion 2019-06-11 10:57:30.702  WARN 9600 --- [restartedMain] o.m.s.mapper.ClassPathMapperScanner      : No MyBatis mapper was found in '[com.lgj]' package. Please check your configuration.
appname:promotion 2019-06-11 10:57:30.741  INFO 9600 --- [restartedMain] .s.d.r.c.RepositoryConfigurationDelegate : Multiple Spring Data modules found, entering strict repository configuration mode!
appname:promotion 2019-06-11 10:57:30.743  INFO 9600 --- [restartedMain] .s.d.r.c.RepositoryConfigurationDelegate : Bootstrapping Spring Data repositories in DEFAULT mode.
appname:promotion 2019-06-11 10:57:30.778  INFO 9600 --- [restartedMain] .s.d.r.c.RepositoryConfigurationDelegate : Finished Spring Data repository scanning in 19ms. Found 0 repository interfaces.
appname:promotion 2019-06-11 10:57:31.128  INFO 9600 --- [restartedMain] trationDelegate$BeanPostProcessorChecker : Bean 'org.springframework.transaction.annotation.ProxyTransactionManagementConfiguration' of type [org.springframework.transaction.annotation.ProxyTransactionManagementConfiguration$$EnhancerBySpringCGLIB$$d98749bb] is not eligible for getting processed by all BeanPostProcessors (for example: not eligible for auto-proxying)
appname:promotion 2019-06-11 10:57:31.492  INFO 9600 --- [restartedMain] o.s.b.w.embedded.tomcat.TomcatWebServer  : Tomcat initialized with port(s): 8080 (http)
appname:promotion 2019-06-11 10:57:31.512  INFO 9600 --- [restartedMain] o.apache.catalina.core.StandardService   : Starting service [Tomcat]
appname:promotion 2019-06-11 10:57:31.512  INFO 9600 --- [restartedMain] org.apache.catalina.core.StandardEngine  : Starting Servlet engine: [Apache Tomcat/9.0.17]
appname:promotion 2019-06-11 10:57:31.644  INFO 9600 --- [restartedMain] o.a.c.c.C.[Tomcat].[localhost].[/]       : Initializing Spring embedded WebApplicationContext
appname:promotion 2019-06-11 10:57:31.645  INFO 9600 --- [restartedMain] o.s.web.context.ContextLoader            : Root WebApplicationContext: initialization completed in 1584 ms
appname:promotion 2019-06-11 10:57:32.474  INFO 9600 --- [restartedMain] o.s.s.concurrent.ThreadPoolTaskExecutor  : Initializing ExecutorService 'applicationTaskExecutor'
appname:promotion 2019-06-11 10:57:32.779  INFO 9600 --- [restartedMain] o.s.b.d.a.OptionalLiveReloadServer       : LiveReload server is running on port 35729
appname:promotion 2019-06-11 10:57:32.834  INFO 9600 --- [restartedMain] o.s.b.w.embedded.tomcat.TomcatWebServer  : Tomcat started on port(s): 8080 (http) with context path ''
appname:promotion 2019-06-11 10:57:32.837  INFO 9600 --- [restartedMain] com.lgj.App                              : Started App in 3.205 seconds (JVM running for 3.631)
appname:promotion 2019-06-11 10:58:03.321  INFO 9600 --- [http-nio-8080-exec-2] o.a.c.c.C.[Tomcat].[localhost].[/]       : Initializing Spring DispatcherServlet 'dispatcherServlet'
appname:promotion 2019-06-11 10:58:03.321  INFO 9600 --- [http-nio-8080-exec-2] o.s.web.servlet.DispatcherServlet        : Initializing Servlet 'dispatcherServlet'
appname:promotion 2019-06-11 10:58:03.331  INFO 9600 --- [http-nio-8080-exec-2] o.s.web.servlet.DispatcherServlet        : Completed initialization in 10 ms
appname:promotion 2019-06-11 10:58:03.448  INFO 9600 --- [http-nio-8080-exec-2] com.alibaba.druid.pool.DruidDataSource   : {dataSource-1} inited
appname:promotion 2019-06-11 10:58:03.763  INFO 9600 --- [http-nio-8080-exec-2] io.lettuce.core.EpollProvider            : Starting without optional epoll library
appname:promotion 2019-06-11 10:58:03.765  INFO 9600 --- [http-nio-8080-exec-2] io.lettuce.core.KqueueProvider           : Starting without optional kqueue library
appname:promotion 2019-06-11 11:22:57.957  INFO 9600 --- [Thread-6] o.s.s.concurrent.ThreadPoolTaskExecutor  : Shutting down ExecutorService 'applicationTaskExecutor'
appname:promotion 2019-06-11 11:22:59.080  INFO 9600 --- [Thread-6] com.alibaba.druid.pool.DruidDataSource   : {dataSource-1} closed
appname:promotion 2019-06-11 11:22:59.252  INFO 9600 --- [restartedMain] com.lgj.App                              : Starting App on BZ5M44VK2 with PID 9600 (D:\testDemo\example\target\classes started by lsh8918 in D:\testDemo\example)
appname:promotion 2019-06-11 11:22:59.253  INFO 9600 --- [restartedMain] com.lgj.App                              : No active profile set, falling back to default profiles: default
appname:promotion 2019-06-11 11:22:59.454  WARN 9600 --- [restartedMain] o.m.s.mapper.ClassPathMapperScanner      : No MyBatis mapper was found in '[com.lgj]' package. Please check your configuration.
appname:promotion 2019-06-11 11:22:59.462  INFO 9600 --- [restartedMain] .s.d.r.c.RepositoryConfigurationDelegate : Multiple Spring Data modules found, entering strict repository configuration mode!
appname:promotion 2019-06-11 11:22:59.462  INFO 9600 --- [restartedMain] .s.d.r.c.RepositoryConfigurationDelegate : Bootstrapping Spring Data repositories in DEFAULT mode.
appname:promotion 2019-06-11 11:22:59.474  INFO 9600 --- [restartedMain] .s.d.r.c.RepositoryConfigurationDelegate : Finished Spring Data repository scanning in 12ms. Found 0 repository interfaces.
appname:promotion 2019-06-11 11:22:59.515  INFO 9600 --- [restartedMain] trationDelegate$BeanPostProcessorChecker : Bean 'org.springframework.transaction.annotation.ProxyTransactionManagementConfiguration' of type [org.springframework.transaction.annotation.ProxyTransactionManagementConfiguration$$EnhancerBySpringCGLIB$$d98749bb] is not eligible for getting processed by all BeanPostProcessors (for example: not eligible for auto-proxying)
appname:promotion 2019-06-11 11:22:59.589  INFO 9600 --- [restartedMain] o.s.b.w.embedded.tomcat.TomcatWebServer  : Tomcat initialized with port(s): 8080 (http)
appname:promotion 2019-06-11 11:22:59.590  INFO 9600 --- [restartedMain] o.apache.catalina.core.StandardService   : Starting service [Tomcat]
appname:promotion 2019-06-11 11:22:59.591  INFO 9600 --- [restartedMain] org.apache.catalina.core.StandardEngine  : Starting Servlet engine: [Apache Tomcat/9.0.17]
appname:promotion 2019-06-11 11:22:59.604  INFO 9600 --- [restartedMain] o.a.c.c.C.[Tomcat].[localhost].[/]       : Initializing Spring embedded WebApplicationContext
appname:promotion 2019-06-11 11:22:59.605  INFO 9600 --- [restartedMain] o.s.web.context.ContextLoader            : Root WebApplicationContext: initialization completed in 348 ms
appname:promotion 2019-06-11 11:22:59.764  INFO 9600 --- [restartedMain] o.s.s.concurrent.ThreadPoolTaskExecutor  : Initializing ExecutorService 'applicationTaskExecutor'
appname:promotion 2019-06-11 11:22:59.852  INFO 9600 --- [restartedMain] o.s.b.d.a.OptionalLiveReloadServer       : LiveReload server is running on port 35729
appname:promotion 2019-06-11 11:22:59.869  INFO 9600 --- [restartedMain] o.s.b.w.embedded.tomcat.TomcatWebServer  : Tomcat started on port(s): 8080 (http) with context path ''
appname:promotion 2019-06-11 11:22:59.870  INFO 9600 --- [restartedMain] com.lgj.App                              : Started App in 0.647 seconds (JVM running for 1530.651)
appname:promotion 2019-06-11 11:22:59.873  INFO 9600 --- [restartedMain] .ConditionEvaluationDeltaLoggingListener : Condition evaluation unchanged
appname:promotion 2019-06-11 11:23:32.413  INFO 9600 --- [Thread-10] o.s.s.concurrent.ThreadPoolTaskExecutor  : Shutting down ExecutorService 'applicationTaskExecutor'
appname:example 2019-06-11 11:23:32.606  INFO 9600 --- [restartedMain] com.lgj.App                              : Starting App on BZ5M44VK2 with PID 9600 (D:\testDemo\example\target\classes started by lsh8918 in D:\testDemo\example)
appname:example 2019-06-11 11:23:32.607  INFO 9600 --- [restartedMain] com.lgj.App                              : No active profile set, falling back to default profiles: default
appname:example 2019-06-11 11:23:32.786  WARN 9600 --- [restartedMain] o.m.s.mapper.ClassPathMapperScanner      : No MyBatis mapper was found in '[com.lgj]' package. Please check your configuration.
appname:example 2019-06-11 11:23:32.796  INFO 9600 --- [restartedMain] .s.d.r.c.RepositoryConfigurationDelegate : Multiple Spring Data modules found, entering strict repository configuration mode!
appname:example 2019-06-11 11:23:32.797  INFO 9600 --- [restartedMain] .s.d.r.c.RepositoryConfigurationDelegate : Bootstrapping Spring Data repositories in DEFAULT mode.
appname:example 2019-06-11 11:23:32.809  INFO 9600 --- [restartedMain] .s.d.r.c.RepositoryConfigurationDelegate : Finished Spring Data repository scanning in 11ms. Found 0 repository interfaces.
appname:example 2019-06-11 11:23:32.844  INFO 9600 --- [restartedMain] trationDelegate$BeanPostProcessorChecker : Bean 'org.springframework.transaction.annotation.ProxyTransactionManagementConfiguration' of type [org.springframework.transaction.annotation.ProxyTransactionManagementConfiguration$$EnhancerBySpringCGLIB$$d98749bb] is not eligible for getting processed by all BeanPostProcessors (for example: not eligible for auto-proxying)
appname:example 2019-06-11 11:23:32.906  INFO 9600 --- [restartedMain] o.s.b.w.embedded.tomcat.TomcatWebServer  : Tomcat initialized with port(s): 8080 (http)
appname:example 2019-06-11 11:23:32.907  INFO 9600 --- [restartedMain] o.apache.catalina.core.StandardService   : Starting service [Tomcat]
appname:example 2019-06-11 11:23:32.908  INFO 9600 --- [restartedMain] org.apache.catalina.core.StandardEngine  : Starting Servlet engine: [Apache Tomcat/9.0.17]
appname:example 2019-06-11 11:23:32.922  INFO 9600 --- [restartedMain] o.a.c.c.C.[Tomcat].[localhost].[/]       : Initializing Spring embedded WebApplicationContext
appname:example 2019-06-11 11:23:32.923  INFO 9600 --- [restartedMain] o.s.web.context.ContextLoader            : Root WebApplicationContext: initialization completed in 314 ms
appname:example 2019-06-11 11:23:33.058  INFO 9600 --- [restartedMain] o.s.s.concurrent.ThreadPoolTaskExecutor  : Initializing ExecutorService 'applicationTaskExecutor'
appname:example 2019-06-11 11:23:33.138  INFO 9600 --- [restartedMain] o.s.b.d.a.OptionalLiveReloadServer       : LiveReload server is running on port 35729
appname:example 2019-06-11 11:23:33.153  INFO 9600 --- [restartedMain] o.s.b.w.embedded.tomcat.TomcatWebServer  : Tomcat started on port(s): 8080 (http) with context path ''
appname:example 2019-06-11 11:23:33.154  INFO 9600 --- [restartedMain] com.lgj.App                              : Started App in 0.575 seconds (JVM running for 1563.935)
appname:example 2019-06-11 11:23:33.155  INFO 9600 --- [restartedMain] .ConditionEvaluationDeltaLoggingListener : Condition evaluation unchanged
appname:example 2019-06-11 11:26:16.424  INFO 9600 --- [http-nio-8080-exec-2] o.a.c.c.C.[Tomcat].[localhost].[/]       : Initializing Spring DispatcherServlet 'dispatcherServlet'
appname:example 2019-06-11 11:26:16.425  INFO 9600 --- [http-nio-8080-exec-2] o.s.web.servlet.DispatcherServlet        : Initializing Servlet 'dispatcherServlet'
appname:example 2019-06-11 11:26:16.436  INFO 9600 --- [http-nio-8080-exec-2] o.s.web.servlet.DispatcherServlet        : Completed initialization in 10 ms
appname:example 2019-06-11 11:26:16.441  INFO 9600 --- [http-nio-8080-exec-2] com.alibaba.druid.pool.DruidDataSource   : {dataSource-2} inited
appname:example 2019-06-11 11:27:59.783  INFO 9600 --- [Thread-16] o.s.s.concurrent.ThreadPoolTaskExecutor  : Shutting down ExecutorService 'applicationTaskExecutor'
appname:example 2019-06-11 11:28:00.890  INFO 9600 --- [Thread-16] com.alibaba.druid.pool.DruidDataSource   : {dataSource-2} closed
appname:example 2019-06-11 11:28:01.083  INFO 9600 --- [restartedMain] com.lgj.App                              : Starting App on BZ5M44VK2 with PID 9600 (D:\testDemo\example\target\classes started by lsh8918 in D:\testDemo\example)
appname:example 2019-06-11 11:28:01.084  INFO 9600 --- [restartedMain] com.lgj.App                              : No active profile set, falling back to default profiles: default
appname:example 2019-06-11 11:28:01.258  WARN 9600 --- [restartedMain] o.m.s.mapper.ClassPathMapperScanner      : No MyBatis mapper was found in '[com.lgj]' package. Please check your configuration.
appname:example 2019-06-11 11:28:01.267  INFO 9600 --- [restartedMain] .s.d.r.c.RepositoryConfigurationDelegate : Multiple Spring Data modules found, entering strict repository configuration mode!
appname:example 2019-06-11 11:28:01.267  INFO 9600 --- [restartedMain] .s.d.r.c.RepositoryConfigurationDelegate : Bootstrapping Spring Data repositories in DEFAULT mode.
appname:example 2019-06-11 11:28:01.278  INFO 9600 --- [restartedMain] .s.d.r.c.RepositoryConfigurationDelegate : Finished Spring Data repository scanning in 11ms. Found 0 repository interfaces.
appname:example 2019-06-11 11:28:01.326  INFO 9600 --- [restartedMain] trationDelegate$BeanPostProcessorChecker : Bean 'org.springframework.transaction.annotation.ProxyTransactionManagementConfiguration' of type [org.springframework.transaction.annotation.ProxyTransactionManagementConfiguration$$EnhancerBySpringCGLIB$$d98749bb] is not eligible for getting processed by all BeanPostProcessors (for example: not eligible for auto-proxying)
appname:example 2019-06-11 11:28:01.393  INFO 9600 --- [restartedMain] o.s.b.w.embedded.tomcat.TomcatWebServer  : Tomcat initialized with port(s): 8080 (http)
appname:example 2019-06-11 11:28:01.396  INFO 9600 --- [restartedMain] o.apache.catalina.core.StandardService   : Starting service [Tomcat]
appname:example 2019-06-11 11:28:01.396  INFO 9600 --- [restartedMain] org.apache.catalina.core.StandardEngine  : Starting Servlet engine: [Apache Tomcat/9.0.17]
appname:example 2019-06-11 11:28:01.408  INFO 9600 --- [restartedMain] o.a.c.c.C.[Tomcat].[localhost].[/]       : Initializing Spring embedded WebApplicationContext
appname:example 2019-06-11 11:28:01.409  INFO 9600 --- [restartedMain] o.s.web.context.ContextLoader            : Root WebApplicationContext: initialization completed in 323 ms
appname:example 2019-06-11 11:28:01.528  INFO 9600 --- [restartedMain] o.s.s.concurrent.ThreadPoolTaskExecutor  : Initializing ExecutorService 'applicationTaskExecutor'
appname:example 2019-06-11 11:28:01.581  INFO 9600 --- [restartedMain] o.s.b.d.a.OptionalLiveReloadServer       : LiveReload server is running on port 35729
appname:example 2019-06-11 11:28:01.599  INFO 9600 --- [restartedMain] o.s.b.w.embedded.tomcat.TomcatWebServer  : Tomcat started on port(s): 8080 (http) with context path ''
appname:example 2019-06-11 11:28:01.599  INFO 9600 --- [restartedMain] com.lgj.App                              : Started App in 0.542 seconds (JVM running for 1832.376)
appname:example 2019-06-11 11:28:01.601  INFO 9600 --- [restartedMain] .ConditionEvaluationDeltaLoggingListener : Condition evaluation unchanged
appname:example 2019-06-11 11:28:12.037  INFO 9600 --- [Thread-22] o.s.s.concurrent.ThreadPoolTaskExecutor  : Shutting down ExecutorService 'applicationTaskExecutor'
appname:example 2019-06-11 11:28:12.190  INFO 9600 --- [restartedMain] com.lgj.App                              : Starting App on BZ5M44VK2 with PID 9600 (D:\testDemo\example\target\classes started by lsh8918 in D:\testDemo\example)
appname:example 2019-06-11 11:28:12.191  INFO 9600 --- [restartedMain] com.lgj.App                              : No active profile set, falling back to default profiles: default
appname:example 2019-06-11 11:28:12.334  WARN 9600 --- [restartedMain] o.m.s.mapper.ClassPathMapperScanner      : No MyBatis mapper was found in '[com.lgj]' package. Please check your configuration.
appname:example 2019-06-11 11:28:12.342  INFO 9600 --- [restartedMain] .s.d.r.c.RepositoryConfigurationDelegate : Multiple Spring Data modules found, entering strict repository configuration mode!
appname:example 2019-06-11 11:28:12.342  INFO 9600 --- [restartedMain] .s.d.r.c.RepositoryConfigurationDelegate : Bootstrapping Spring Data repositories in DEFAULT mode.
appname:example 2019-06-11 11:28:12.352  INFO 9600 --- [restartedMain] .s.d.r.c.RepositoryConfigurationDelegate : Finished Spring Data repository scanning in 10ms. Found 0 repository interfaces.
appname:example 2019-06-11 11:28:12.386  INFO 9600 --- [restartedMain] trationDelegate$BeanPostProcessorChecker : Bean 'org.springframework.transaction.annotation.ProxyTransactionManagementConfiguration' of type [org.springframework.transaction.annotation.ProxyTransactionManagementConfiguration$$EnhancerBySpringCGLIB$$d98749bb] is not eligible for getting processed by all BeanPostProcessors (for example: not eligible for auto-proxying)
appname:example 2019-06-11 11:28:12.461  INFO 9600 --- [restartedMain] o.s.b.w.embedded.tomcat.TomcatWebServer  : Tomcat initialized with port(s): 8080 (http)
appname:example 2019-06-11 11:28:12.464  INFO 9600 --- [restartedMain] o.apache.catalina.core.StandardService   : Starting service [Tomcat]
appname:example 2019-06-11 11:28:12.464  INFO 9600 --- [restartedMain] org.apache.catalina.core.StandardEngine  : Starting Servlet engine: [Apache Tomcat/9.0.17]
appname:example 2019-06-11 11:28:12.478  INFO 9600 --- [restartedMain] o.a.c.c.C.[Tomcat].[localhost].[/]       : Initializing Spring embedded WebApplicationContext
appname:example 2019-06-11 11:28:12.479  INFO 9600 --- [restartedMain] o.s.web.context.ContextLoader            : Root WebApplicationContext: initialization completed in 286 ms
appname:example 2019-06-11 11:28:12.603  INFO 9600 --- [restartedMain] o.s.s.concurrent.ThreadPoolTaskExecutor  : Initializing ExecutorService 'applicationTaskExecutor'
appname:example 2019-06-11 11:28:12.656  INFO 9600 --- [restartedMain] o.s.b.d.a.OptionalLiveReloadServer       : LiveReload server is running on port 35729
appname:example 2019-06-11 11:28:12.672  INFO 9600 --- [restartedMain] o.s.b.w.embedded.tomcat.TomcatWebServer  : Tomcat started on port(s): 8080 (http) with context path ''
appname:example 2019-06-11 11:28:12.673  INFO 9600 --- [restartedMain] com.lgj.App                              : Started App in 0.51 seconds (JVM running for 1843.45)
appname:example 2019-06-11 11:28:12.677  INFO 9600 --- [restartedMain] .ConditionEvaluationDeltaLoggingListener : Condition evaluation unchanged
appname:example 2019-06-11 11:28:19.416  INFO 9600 --- [http-nio-8080-exec-2] o.a.c.c.C.[Tomcat].[localhost].[/]       : Initializing Spring DispatcherServlet 'dispatcherServlet'
appname:example 2019-06-11 11:28:19.417  INFO 9600 --- [http-nio-8080-exec-2] o.s.web.servlet.DispatcherServlet        : Initializing Servlet 'dispatcherServlet'
appname:example 2019-06-11 11:28:19.422  INFO 9600 --- [http-nio-8080-exec-2] o.s.web.servlet.DispatcherServlet        : Completed initialization in 5 ms
appname:example 2019-06-11 11:28:19.427  INFO 9600 --- [http-nio-8080-exec-2] com.alibaba.druid.pool.DruidDataSource   : {dataSource-3} inited
appname:example 2019-06-11 11:28:19.446  INFO 9600 --- [http-nio-8080-exec-2] com.lgj.domain.impl.TestDomainImpl       : [{"aaa":50,"brief":"ett","name":"1,2,3,4,5"},{"aaa":50,"brief":"ett","name":"1,2,3,4,5"},{"aaa":50,"brief":"r__","name":"666"}]
appname:example 2019-06-11 11:29:56.510  INFO 9600 --- [Thread-28] o.s.s.concurrent.ThreadPoolTaskExecutor  : Shutting down ExecutorService 'applicationTaskExecutor'
appname:example 2019-06-11 11:29:57.620  INFO 9600 --- [Thread-28] com.alibaba.druid.pool.DruidDataSource   : {dataSource-3} closed
appname:example 2019-06-11 11:29:57.758  INFO 9600 --- [restartedMain] com.lgj.App                              : Starting App on BZ5M44VK2 with PID 9600 (D:\testDemo\example\target\classes started by lsh8918 in D:\testDemo\example)
appname:example 2019-06-11 11:29:57.759  INFO 9600 --- [restartedMain] com.lgj.App                              : No active profile set, falling back to default profiles: default
appname:example 2019-06-11 11:29:57.900  WARN 9600 --- [restartedMain] o.m.s.mapper.ClassPathMapperScanner      : No MyBatis mapper was found in '[com.lgj]' package. Please check your configuration.
appname:example 2019-06-11 11:29:57.905  INFO 9600 --- [restartedMain] .s.d.r.c.RepositoryConfigurationDelegate : Multiple Spring Data modules found, entering strict repository configuration mode!
appname:example 2019-06-11 11:29:57.908  INFO 9600 --- [restartedMain] .s.d.r.c.RepositoryConfigurationDelegate : Bootstrapping Spring Data repositories in DEFAULT mode.
appname:example 2019-06-11 11:29:57.919  INFO 9600 --- [restartedMain] .s.d.r.c.RepositoryConfigurationDelegate : Finished Spring Data repository scanning in 10ms. Found 0 repository interfaces.
appname:example 2019-06-11 11:29:57.949  INFO 9600 --- [restartedMain] trationDelegate$BeanPostProcessorChecker : Bean 'org.springframework.transaction.annotation.ProxyTransactionManagementConfiguration' of type [org.springframework.transaction.annotation.ProxyTransactionManagementConfiguration$$EnhancerBySpringCGLIB$$d98749bb] is not eligible for getting processed by all BeanPostProcessors (for example: not eligible for auto-proxying)
appname:example 2019-06-11 11:29:58.009  INFO 9600 --- [restartedMain] o.s.b.w.embedded.tomcat.TomcatWebServer  : Tomcat initialized with port(s): 8080 (http)
appname:example 2019-06-11 11:29:58.012  INFO 9600 --- [restartedMain] o.apache.catalina.core.StandardService   : Starting service [Tomcat]
appname:example 2019-06-11 11:29:58.012  INFO 9600 --- [restartedMain] org.apache.catalina.core.StandardEngine  : Starting Servlet engine: [Apache Tomcat/9.0.17]
appname:example 2019-06-11 11:29:58.025  INFO 9600 --- [restartedMain] o.a.c.c.C.[Tomcat].[localhost].[/]       : Initializing Spring embedded WebApplicationContext
appname:example 2019-06-11 11:29:58.026  INFO 9600 --- [restartedMain] o.s.web.context.ContextLoader            : Root WebApplicationContext: initialization completed in 266 ms
appname:example 2019-06-11 11:29:58.134  INFO 9600 --- [restartedMain] o.s.s.concurrent.ThreadPoolTaskExecutor  : Initializing ExecutorService 'applicationTaskExecutor'
appname:example 2019-06-11 11:29:58.180  INFO 9600 --- [restartedMain] o.s.b.d.a.OptionalLiveReloadServer       : LiveReload server is running on port 35729
appname:example 2019-06-11 11:29:58.195  INFO 9600 --- [restartedMain] o.s.b.w.embedded.tomcat.TomcatWebServer  : Tomcat started on port(s): 8080 (http) with context path ''
appname:example 2019-06-11 11:29:58.196  INFO 9600 --- [restartedMain] com.lgj.App                              : Started App in 0.459 seconds (JVM running for 1948.973)
appname:example 2019-06-11 11:29:58.200  INFO 9600 --- [restartedMain] .ConditionEvaluationDeltaLoggingListener : Condition evaluation unchanged
appname:example 2019-06-11 11:30:02.192  INFO 9600 --- [http-nio-8080-exec-2] o.a.c.c.C.[Tomcat].[localhost].[/]       : Initializing Spring DispatcherServlet 'dispatcherServlet'
appname:example 2019-06-11 11:30:02.193  INFO 9600 --- [http-nio-8080-exec-2] o.s.web.servlet.DispatcherServlet        : Initializing Servlet 'dispatcherServlet'
appname:example 2019-06-11 11:30:02.201  INFO 9600 --- [http-nio-8080-exec-2] o.s.web.servlet.DispatcherServlet        : Completed initialization in 8 ms
appname:example 2019-06-11 11:30:02.209 ERROR 9600 --- [http-nio-8080-exec-2] o.a.c.c.C.[.[.[/].[dispatcherServlet]    : Servlet.service() for servlet [dispatcherServlet] in context with path [] threw exception [Handler dispatch failed; nested exception is java.lang.Error: Unresolved compilation problem: 
	Syntax error, insert ";" to complete LocalVariableDeclarationStatement
] with root cause

java.lang.Error: Unresolved compilation problem: 
	Syntax error, insert ";" to complete LocalVariableDeclarationStatement

	at com.lgj.domain.impl.TestDomainImpl.query(TestDomainImpl.java:50)
	at com.lgj.controller.TestController.query(TestController.java:40)
	at sun.reflect.NativeMethodAccessorImpl.invoke0(Native Method)
	at sun.reflect.NativeMethodAccessorImpl.invoke(NativeMethodAccessorImpl.java:62)
	at sun.reflect.DelegatingMethodAccessorImpl.invoke(DelegatingMethodAccessorImpl.java:43)
	at java.lang.reflect.Method.invoke(Method.java:498)
	at org.springframework.web.method.support.InvocableHandlerMethod.doInvoke(InvocableHandlerMethod.java:189)
	at org.springframework.web.method.support.InvocableHandlerMethod.invokeForRequest(InvocableHandlerMethod.java:138)
	at org.springframework.web.servlet.mvc.method.annotation.ServletInvocableHandlerMethod.invokeAndHandle(ServletInvocableHandlerMethod.java:102)
	at org.springframework.web.servlet.mvc.method.annotation.RequestMappingHandlerAdapter.invokeHandlerMethod(RequestMappingHandlerAdapter.java:892)
	at org.springframework.web.servlet.mvc.method.annotation.RequestMappingHandlerAdapter.handleInternal(RequestMappingHandlerAdapter.java:797)
	at org.springframework.web.servlet.mvc.method.AbstractHandlerMethodAdapter.handle(AbstractHandlerMethodAdapter.java:87)
	at org.springframework.web.servlet.DispatcherServlet.doDispatch(DispatcherServlet.java:1038)
	at org.springframework.web.servlet.DispatcherServlet.doService(DispatcherServlet.java:942)
	at org.springframework.web.servlet.FrameworkServlet.processRequest(FrameworkServlet.java:1005)
	at org.springframework.web.servlet.FrameworkServlet.doGet(FrameworkServlet.java:897)
	at javax.servlet.http.HttpServlet.service(HttpServlet.java:634)
	at org.springframework.web.servlet.FrameworkServlet.service(FrameworkServlet.java:882)
	at javax.servlet.http.HttpServlet.service(HttpServlet.java:741)
	at org.apache.catalina.core.ApplicationFilterChain.internalDoFilter(ApplicationFilterChain.java:231)
	at org.apache.catalina.core.ApplicationFilterChain.doFilter(ApplicationFilterChain.java:166)
	at org.apache.tomcat.websocket.server.WsFilter.doFilter(WsFilter.java:53)
	at org.apache.catalina.core.ApplicationFilterChain.internalDoFilter(ApplicationFilterChain.java:193)
	at org.apache.catalina.core.ApplicationFilterChain.doFilter(ApplicationFilterChain.java:166)
	at org.springframework.web.filter.RequestContextFilter.doFilterInternal(RequestContextFilter.java:99)
	at org.springframework.web.filter.OncePerRequestFilter.doFilter(OncePerRequestFilter.java:107)
	at org.apache.catalina.core.ApplicationFilterChain.internalDoFilter(ApplicationFilterChain.java:193)
	at org.apache.catalina.core.ApplicationFilterChain.doFilter(ApplicationFilterChain.java:166)
	at org.springframework.web.filter.FormContentFilter.doFilterInternal(FormContentFilter.java:92)
	at org.springframework.web.filter.OncePerRequestFilter.doFilter(OncePerRequestFilter.java:107)
	at org.apache.catalina.core.ApplicationFilterChain.internalDoFilter(ApplicationFilterChain.java:193)
	at org.apache.catalina.core.ApplicationFilterChain.doFilter(ApplicationFilterChain.java:166)
	at org.springframework.web.filter.HiddenHttpMethodFilter.doFilterInternal(HiddenHttpMethodFilter.java:93)
	at org.springframework.web.filter.OncePerRequestFilter.doFilter(OncePerRequestFilter.java:107)
	at org.apache.catalina.core.ApplicationFilterChain.internalDoFilter(ApplicationFilterChain.java:193)
	at org.apache.catalina.core.ApplicationFilterChain.doFilter(ApplicationFilterChain.java:166)
	at org.springframework.web.filter.CharacterEncodingFilter.doFilterInternal(CharacterEncodingFilter.java:200)
	at org.springframework.web.filter.OncePerRequestFilter.doFilter(OncePerRequestFilter.java:107)
	at org.apache.catalina.core.ApplicationFilterChain.internalDoFilter(ApplicationFilterChain.java:193)
	at org.apache.catalina.core.ApplicationFilterChain.doFilter(ApplicationFilterChain.java:166)
	at org.apache.catalina.core.StandardWrapperValve.invoke(StandardWrapperValve.java:200)
	at org.apache.catalina.core.StandardContextValve.invoke(StandardContextValve.java:96)
	at org.apache.catalina.authenticator.AuthenticatorBase.invoke(AuthenticatorBase.java:490)
	at org.apache.catalina.core.StandardHostValve.invoke(StandardHostValve.java:139)
	at org.apache.catalina.valves.ErrorReportValve.invoke(ErrorReportValve.java:92)
	at org.apache.catalina.core.StandardEngineValve.invoke(StandardEngineValve.java:74)
	at org.apache.catalina.connector.CoyoteAdapter.service(CoyoteAdapter.java:343)
	at org.apache.coyote.http11.Http11Processor.service(Http11Processor.java:408)
	at org.apache.coyote.AbstractProcessorLight.process(AbstractProcessorLight.java:66)
	at org.apache.coyote.AbstractProtocol$ConnectionHandler.process(AbstractProtocol.java:834)
	at org.apache.tomcat.util.net.NioEndpoint$SocketProcessor.doRun(NioEndpoint.java:1415)
	at org.apache.tomcat.util.net.SocketProcessorBase.run(SocketProcessorBase.java:49)
	at java.util.concurrent.ThreadPoolExecutor.runWorker(ThreadPoolExecutor.java:1149)
	at java.util.concurrent.ThreadPoolExecutor$Worker.run(ThreadPoolExecutor.java:624)
	at org.apache.tomcat.util.threads.TaskThread$WrappingRunnable.run(TaskThread.java:61)
	at java.lang.Thread.run(Thread.java:748)

