appname:example 2019-07-15 22:03:32.025  INFO 2952 --- [restartedMain] com.lgj.App                              : Starting App on DESKTOP-LVB60Q5 with PID 2952 (D:\workspace2\example\target\classes started by 李高杰 in D:\workspace2\example)
appname:example 2019-07-15 22:03:32.045  INFO 2952 --- [restartedMain] com.lgj.App                              : No active profile set, falling back to default profiles: default
appname:example 2019-07-15 22:03:32.411  INFO 2952 --- [restartedMain] .e.DevToolsPropertyDefaultsPostProcessor : Devtools property defaults active! Set 'spring.devtools.add-properties' to 'false' to disable
appname:example 2019-07-15 22:03:32.411  INFO 2952 --- [restartedMain] .e.DevToolsPropertyDefaultsPostProcessor : For additional web related logging consider setting the 'logging.level.web' property to 'DEBUG'
appname:example 2019-07-15 22:03:35.637  WARN 2952 --- [restartedMain] o.m.s.mapper.ClassPathMapperScanner      : No MyBatis mapper was found in '[com.lgj]' package. Please check your configuration.
appname:example 2019-07-15 22:03:35.786  INFO 2952 --- [restartedMain] .s.d.r.c.RepositoryConfigurationDelegate : Multiple Spring Data modules found, entering strict repository configuration mode!
appname:example 2019-07-15 22:03:35.803  INFO 2952 --- [restartedMain] .s.d.r.c.RepositoryConfigurationDelegate : Bootstrapping Spring Data repositories in DEFAULT mode.
appname:example 2019-07-15 22:03:35.885  INFO 2952 --- [restartedMain] .s.d.r.c.RepositoryConfigurationDelegate : Finished Spring Data repository scanning in 39ms. Found 0 repository interfaces.
appname:example 2019-07-15 22:03:36.910  INFO 2952 --- [restartedMain] trationDelegate$BeanPostProcessorChecker : Bean 'org.springframework.transaction.annotation.ProxyTransactionManagementConfiguration' of type [org.springframework.transaction.annotation.ProxyTransactionManagementConfiguration$$EnhancerBySpringCGLIB$$e9340250] is not eligible for getting processed by all BeanPostProcessors (for example: not eligible for auto-proxying)
appname:example 2019-07-15 22:03:38.839  INFO 2952 --- [restartedMain] o.s.b.w.embedded.tomcat.TomcatWebServer  : Tomcat initialized with port(s): 8080 (http)
appname:example 2019-07-15 22:03:39.007  INFO 2952 --- [restartedMain] o.apache.catalina.core.StandardService   : Starting service [Tomcat]
appname:example 2019-07-15 22:03:39.007  INFO 2952 --- [restartedMain] org.apache.catalina.core.StandardEngine  : Starting Servlet engine: [Apache Tomcat/9.0.17]
appname:example 2019-07-15 22:03:39.407  INFO 2952 --- [restartedMain] o.a.c.c.C.[Tomcat].[localhost].[/]       : Initializing Spring embedded WebApplicationContext
appname:example 2019-07-15 22:03:39.408  INFO 2952 --- [restartedMain] o.s.web.context.ContextLoader            : Root WebApplicationContext: initialization completed in 6996 ms
appname:example 2019-07-15 22:03:42.492  INFO 2952 --- [restartedMain] o.s.s.concurrent.ThreadPoolTaskExecutor  : Initializing ExecutorService 'applicationTaskExecutor'
appname:example 2019-07-15 22:03:43.520  INFO 2952 --- [restartedMain] o.s.b.d.a.OptionalLiveReloadServer       : LiveReload server is running on port 35729
appname:example 2019-07-15 22:03:43.742  INFO 2952 --- [restartedMain] o.s.b.w.embedded.tomcat.TomcatWebServer  : Tomcat started on port(s): 8080 (http) with context path ''
appname:example 2019-07-15 22:03:43.748  INFO 2952 --- [restartedMain] com.lgj.App                              : Started App in 14.571 seconds (JVM running for 18.98)
appname:example 2019-07-15 22:04:55.090  INFO 2952 --- [http-nio-8080-exec-1] o.a.c.c.C.[Tomcat].[localhost].[/]       : Initializing Spring DispatcherServlet 'dispatcherServlet'
appname:example 2019-07-15 22:04:55.090  INFO 2952 --- [http-nio-8080-exec-1] o.s.web.servlet.DispatcherServlet        : Initializing Servlet 'dispatcherServlet'
appname:example 2019-07-15 22:04:55.103  INFO 2952 --- [http-nio-8080-exec-1] o.s.web.servlet.DispatcherServlet        : Completed initialization in 13 ms
appname:example 2019-07-15 22:04:55.355  INFO 2952 --- [http-nio-8080-exec-1] com.alibaba.druid.pool.DruidDataSource   : {dataSource-1} inited
appname:example 2019-07-15 22:04:56.703  INFO 2952 --- [http-nio-8080-exec-1] io.lettuce.core.EpollProvider            : Starting without optional epoll library
appname:example 2019-07-15 22:04:56.707  INFO 2952 --- [http-nio-8080-exec-1] io.lettuce.core.KqueueProvider           : Starting without optional kqueue library
appname:example 2019-07-15 22:04:57.639  INFO 2952 --- [http-nio-8080-exec-1] com.lgj.domain.impl.TestDomainImpl       : [{"countrycode":"CN","countryname":"中国"},{"countrycode":"USA","countryname":"美国"},{"countrycode":"RU","countryname":"俄罗斯"},{"countrycode":"GB","countryname":"英国"},{"countrycode":"FR","countryname":"法国"}]
appname:example 2019-07-15 22:06:15.553  INFO 2952 --- [Thread-6] o.s.s.concurrent.ThreadPoolTaskExecutor  : Shutting down ExecutorService 'applicationTaskExecutor'
appname:example 2019-07-15 22:06:16.787  INFO 2952 --- [Thread-6] com.alibaba.druid.pool.DruidDataSource   : {dataSource-1} closed
appname:example 2019-07-15 22:06:17.326  INFO 2952 --- [restartedMain] com.lgj.App                              : Starting App on DESKTOP-LVB60Q5 with PID 2952 (D:\workspace2\example\target\classes started by 李高杰 in D:\workspace2\example)
appname:example 2019-07-15 22:06:17.327  INFO 2952 --- [restartedMain] com.lgj.App                              : No active profile set, falling back to default profiles: default
appname:example 2019-07-15 22:06:17.985  WARN 2952 --- [restartedMain] o.m.s.mapper.ClassPathMapperScanner      : No MyBatis mapper was found in '[com.lgj]' package. Please check your configuration.
appname:example 2019-07-15 22:06:18.008  INFO 2952 --- [restartedMain] .s.d.r.c.RepositoryConfigurationDelegate : Multiple Spring Data modules found, entering strict repository configuration mode!
appname:example 2019-07-15 22:06:18.009  INFO 2952 --- [restartedMain] .s.d.r.c.RepositoryConfigurationDelegate : Bootstrapping Spring Data repositories in DEFAULT mode.
appname:example 2019-07-15 22:06:18.044  INFO 2952 --- [restartedMain] .s.d.r.c.RepositoryConfigurationDelegate : Finished Spring Data repository scanning in 35ms. Found 0 repository interfaces.
appname:example 2019-07-15 22:06:18.189  INFO 2952 --- [restartedMain] trationDelegate$BeanPostProcessorChecker : Bean 'org.springframework.transaction.annotation.ProxyTransactionManagementConfiguration' of type [org.springframework.transaction.annotation.ProxyTransactionManagementConfiguration$$EnhancerBySpringCGLIB$$e9340250] is not eligible for getting processed by all BeanPostProcessors (for example: not eligible for auto-proxying)
appname:example 2019-07-15 22:06:18.360  INFO 2952 --- [restartedMain] o.s.b.w.embedded.tomcat.TomcatWebServer  : Tomcat initialized with port(s): 8080 (http)
appname:example 2019-07-15 22:06:18.365  INFO 2952 --- [restartedMain] o.apache.catalina.core.StandardService   : Starting service [Tomcat]
appname:example 2019-07-15 22:06:18.370  INFO 2952 --- [restartedMain] org.apache.catalina.core.StandardEngine  : Starting Servlet engine: [Apache Tomcat/9.0.17]
appname:example 2019-07-15 22:06:18.440  INFO 2952 --- [restartedMain] o.a.c.c.C.[Tomcat].[localhost].[/]       : Initializing Spring embedded WebApplicationContext
appname:example 2019-07-15 22:06:18.442  INFO 2952 --- [restartedMain] o.s.web.context.ContextLoader            : Root WebApplicationContext: initialization completed in 1105 ms
appname:example 2019-07-15 22:06:18.974  INFO 2952 --- [restartedMain] o.s.s.concurrent.ThreadPoolTaskExecutor  : Initializing ExecutorService 'applicationTaskExecutor'
appname:example 2019-07-15 22:06:19.180  INFO 2952 --- [restartedMain] o.s.b.d.a.OptionalLiveReloadServer       : LiveReload server is running on port 35729
appname:example 2019-07-15 22:06:19.233  INFO 2952 --- [restartedMain] o.s.b.w.embedded.tomcat.TomcatWebServer  : Tomcat started on port(s): 8080 (http) with context path ''
appname:example 2019-07-15 22:06:19.235  INFO 2952 --- [restartedMain] com.lgj.App                              : Started App in 2.018 seconds (JVM running for 174.467)
appname:example 2019-07-15 22:06:19.284  INFO 2952 --- [restartedMain] .ConditionEvaluationDeltaLoggingListener : Condition evaluation unchanged
appname:example 2019-07-15 22:07:18.282  INFO 2952 --- [Thread-10] o.s.s.concurrent.ThreadPoolTaskExecutor  : Shutting down ExecutorService 'applicationTaskExecutor'
appname:example 2019-07-15 22:07:18.866  INFO 2952 --- [restartedMain] com.lgj.App                              : Starting App on DESKTOP-LVB60Q5 with PID 2952 (D:\workspace2\example\target\classes started by 李高杰 in D:\workspace2\example)
appname:example 2019-07-15 22:07:18.866  INFO 2952 --- [restartedMain] com.lgj.App                              : No active profile set, falling back to default profiles: default
appname:example 2019-07-15 22:07:19.421  WARN 2952 --- [restartedMain] o.m.s.mapper.ClassPathMapperScanner      : No MyBatis mapper was found in '[com.lgj]' package. Please check your configuration.
appname:example 2019-07-15 22:07:19.447  INFO 2952 --- [restartedMain] .s.d.r.c.RepositoryConfigurationDelegate : Multiple Spring Data modules found, entering strict repository configuration mode!
appname:example 2019-07-15 22:07:19.447  INFO 2952 --- [restartedMain] .s.d.r.c.RepositoryConfigurationDelegate : Bootstrapping Spring Data repositories in DEFAULT mode.
appname:example 2019-07-15 22:07:19.472  INFO 2952 --- [restartedMain] .s.d.r.c.RepositoryConfigurationDelegate : Finished Spring Data repository scanning in 25ms. Found 0 repository interfaces.
appname:example 2019-07-15 22:07:19.633  INFO 2952 --- [restartedMain] trationDelegate$BeanPostProcessorChecker : Bean 'org.springframework.transaction.annotation.ProxyTransactionManagementConfiguration' of type [org.springframework.transaction.annotation.ProxyTransactionManagementConfiguration$$EnhancerBySpringCGLIB$$e9340250] is not eligible for getting processed by all BeanPostProcessors (for example: not eligible for auto-proxying)
appname:example 2019-07-15 22:07:19.794  INFO 2952 --- [restartedMain] o.s.b.w.embedded.tomcat.TomcatWebServer  : Tomcat initialized with port(s): 8080 (http)
appname:example 2019-07-15 22:07:19.797  INFO 2952 --- [restartedMain] o.apache.catalina.core.StandardService   : Starting service [Tomcat]
appname:example 2019-07-15 22:07:19.797  INFO 2952 --- [restartedMain] org.apache.catalina.core.StandardEngine  : Starting Servlet engine: [Apache Tomcat/9.0.17]
appname:example 2019-07-15 22:07:19.823  INFO 2952 --- [restartedMain] o.a.c.c.C.[Tomcat].[localhost].[/]       : Initializing Spring embedded WebApplicationContext
appname:example 2019-07-15 22:07:19.823  INFO 2952 --- [restartedMain] o.s.web.context.ContextLoader            : Root WebApplicationContext: initialization completed in 948 ms
appname:example 2019-07-15 22:07:20.187  INFO 2952 --- [restartedMain] o.s.s.concurrent.ThreadPoolTaskExecutor  : Initializing ExecutorService 'applicationTaskExecutor'
appname:example 2019-07-15 22:07:20.358  INFO 2952 --- [restartedMain] o.s.b.d.a.OptionalLiveReloadServer       : LiveReload server is running on port 35729
appname:example 2019-07-15 22:07:20.397  INFO 2952 --- [restartedMain] o.s.b.w.embedded.tomcat.TomcatWebServer  : Tomcat started on port(s): 8080 (http) with context path ''
appname:example 2019-07-15 22:07:20.398  INFO 2952 --- [restartedMain] com.lgj.App                              : Started App in 1.641 seconds (JVM running for 235.63)
appname:example 2019-07-15 22:07:20.401  INFO 2952 --- [restartedMain] .ConditionEvaluationDeltaLoggingListener : Condition evaluation unchanged
appname:example 2019-07-15 22:07:31.906  INFO 2952 --- [Thread-16] o.s.s.concurrent.ThreadPoolTaskExecutor  : Shutting down ExecutorService 'applicationTaskExecutor'
appname:example 2019-07-15 22:07:32.276  INFO 2952 --- [restartedMain] com.lgj.App                              : Starting App on DESKTOP-LVB60Q5 with PID 2952 (D:\workspace2\example\target\classes started by 李高杰 in D:\workspace2\example)
appname:example 2019-07-15 22:07:32.277  INFO 2952 --- [restartedMain] com.lgj.App                              : No active profile set, falling back to default profiles: default
appname:example 2019-07-15 22:07:32.752  WARN 2952 --- [restartedMain] o.m.s.mapper.ClassPathMapperScanner      : No MyBatis mapper was found in '[com.lgj]' package. Please check your configuration.
appname:example 2019-07-15 22:07:32.781  INFO 2952 --- [restartedMain] .s.d.r.c.RepositoryConfigurationDelegate : Multiple Spring Data modules found, entering strict repository configuration mode!
appname:example 2019-07-15 22:07:32.781  INFO 2952 --- [restartedMain] .s.d.r.c.RepositoryConfigurationDelegate : Bootstrapping Spring Data repositories in DEFAULT mode.
appname:example 2019-07-15 22:07:32.806  INFO 2952 --- [restartedMain] .s.d.r.c.RepositoryConfigurationDelegate : Finished Spring Data repository scanning in 24ms. Found 0 repository interfaces.
appname:example 2019-07-15 22:07:32.905  INFO 2952 --- [restartedMain] trationDelegate$BeanPostProcessorChecker : Bean 'org.springframework.transaction.annotation.ProxyTransactionManagementConfiguration' of type [org.springframework.transaction.annotation.ProxyTransactionManagementConfiguration$$EnhancerBySpringCGLIB$$e9340250] is not eligible for getting processed by all BeanPostProcessors (for example: not eligible for auto-proxying)
appname:example 2019-07-15 22:07:33.029  INFO 2952 --- [restartedMain] o.s.b.w.embedded.tomcat.TomcatWebServer  : Tomcat initialized with port(s): 8080 (http)
appname:example 2019-07-15 22:07:33.031  INFO 2952 --- [restartedMain] o.apache.catalina.core.StandardService   : Starting service [Tomcat]
appname:example 2019-07-15 22:07:33.031  INFO 2952 --- [restartedMain] org.apache.catalina.core.StandardEngine  : Starting Servlet engine: [Apache Tomcat/9.0.17]
appname:example 2019-07-15 22:07:33.054  INFO 2952 --- [restartedMain] o.a.c.c.C.[Tomcat].[localhost].[/]       : Initializing Spring embedded WebApplicationContext
appname:example 2019-07-15 22:07:33.055  INFO 2952 --- [restartedMain] o.s.web.context.ContextLoader            : Root WebApplicationContext: initialization completed in 771 ms
appname:example 2019-07-15 22:07:33.374  INFO 2952 --- [restartedMain] o.s.s.concurrent.ThreadPoolTaskExecutor  : Initializing ExecutorService 'applicationTaskExecutor'
appname:example 2019-07-15 22:07:33.549  INFO 2952 --- [restartedMain] o.s.b.d.a.OptionalLiveReloadServer       : LiveReload server is running on port 35729
appname:example 2019-07-15 22:07:33.587  INFO 2952 --- [restartedMain] o.s.b.w.embedded.tomcat.TomcatWebServer  : Tomcat started on port(s): 8080 (http) with context path ''
appname:example 2019-07-15 22:07:33.588  INFO 2952 --- [restartedMain] com.lgj.App                              : Started App in 1.369 seconds (JVM running for 248.821)
appname:example 2019-07-15 22:07:33.597  INFO 2952 --- [restartedMain] .ConditionEvaluationDeltaLoggingListener : Condition evaluation unchanged
appname:example 2019-07-15 22:12:48.146  INFO 2952 --- [Thread-22] o.s.s.concurrent.ThreadPoolTaskExecutor  : Shutting down ExecutorService 'applicationTaskExecutor'
appname:example 2019-07-15 22:12:48.663  INFO 2952 --- [restartedMain] com.lgj.App                              : Starting App on DESKTOP-LVB60Q5 with PID 2952 (D:\workspace2\example\target\classes started by 李高杰 in D:\workspace2\example)
appname:example 2019-07-15 22:12:48.665  INFO 2952 --- [restartedMain] com.lgj.App                              : No active profile set, falling back to default profiles: default
appname:example 2019-07-15 22:12:49.266  WARN 2952 --- [restartedMain] o.m.s.mapper.ClassPathMapperScanner      : No MyBatis mapper was found in '[com.lgj]' package. Please check your configuration.
appname:example 2019-07-15 22:12:49.291  INFO 2952 --- [restartedMain] .s.d.r.c.RepositoryConfigurationDelegate : Multiple Spring Data modules found, entering strict repository configuration mode!
appname:example 2019-07-15 22:12:49.291  INFO 2952 --- [restartedMain] .s.d.r.c.RepositoryConfigurationDelegate : Bootstrapping Spring Data repositories in DEFAULT mode.
appname:example 2019-07-15 22:12:49.346  INFO 2952 --- [restartedMain] .s.d.r.c.RepositoryConfigurationDelegate : Finished Spring Data repository scanning in 54ms. Found 0 repository interfaces.
appname:example 2019-07-15 22:12:49.517  INFO 2952 --- [restartedMain] trationDelegate$BeanPostProcessorChecker : Bean 'org.springframework.transaction.annotation.ProxyTransactionManagementConfiguration' of type [org.springframework.transaction.annotation.ProxyTransactionManagementConfiguration$$EnhancerBySpringCGLIB$$e9340250] is not eligible for getting processed by all BeanPostProcessors (for example: not eligible for auto-proxying)
appname:example 2019-07-15 22:12:49.726  INFO 2952 --- [restartedMain] o.s.b.w.embedded.tomcat.TomcatWebServer  : Tomcat initialized with port(s): 8080 (http)
appname:example 2019-07-15 22:12:49.728  INFO 2952 --- [restartedMain] o.apache.catalina.core.StandardService   : Starting service [Tomcat]
appname:example 2019-07-15 22:12:49.729  INFO 2952 --- [restartedMain] org.apache.catalina.core.StandardEngine  : Starting Servlet engine: [Apache Tomcat/9.0.17]
appname:example 2019-07-15 22:12:49.894  INFO 2952 --- [restartedMain] o.a.c.c.C.[Tomcat].[localhost].[/]       : Initializing Spring embedded WebApplicationContext
appname:example 2019-07-15 22:12:49.895  INFO 2952 --- [restartedMain] o.s.web.context.ContextLoader            : Root WebApplicationContext: initialization completed in 1220 ms
appname:example 2019-07-15 22:12:50.471  INFO 2952 --- [restartedMain] o.s.s.concurrent.ThreadPoolTaskExecutor  : Initializing ExecutorService 'applicationTaskExecutor'
appname:example 2019-07-15 22:12:50.814  INFO 2952 --- [restartedMain] o.s.b.d.a.OptionalLiveReloadServer       : LiveReload server is running on port 35729
appname:example 2019-07-15 22:12:50.874  INFO 2952 --- [restartedMain] o.s.b.w.embedded.tomcat.TomcatWebServer  : Tomcat started on port(s): 8080 (http) with context path ''
appname:example 2019-07-15 22:12:50.881  INFO 2952 --- [restartedMain] com.lgj.App                              : Started App in 2.317 seconds (JVM running for 566.114)
appname:example 2019-07-15 22:12:50.885  INFO 2952 --- [restartedMain] .ConditionEvaluationDeltaLoggingListener : Condition evaluation unchanged
appname:example 2019-07-15 22:12:56.306  INFO 2952 --- [Thread-28] o.s.s.concurrent.ThreadPoolTaskExecutor  : Shutting down ExecutorService 'applicationTaskExecutor'
appname:example 2019-07-15 22:12:56.650  INFO 2952 --- [restartedMain] com.lgj.App                              : Starting App on DESKTOP-LVB60Q5 with PID 2952 (D:\workspace2\example\target\classes started by 李高杰 in D:\workspace2\example)
appname:example 2019-07-15 22:12:56.650  INFO 2952 --- [restartedMain] com.lgj.App                              : No active profile set, falling back to default profiles: default
appname:example 2019-07-15 22:12:57.015  WARN 2952 --- [restartedMain] o.m.s.mapper.ClassPathMapperScanner      : No MyBatis mapper was found in '[com.lgj]' package. Please check your configuration.
appname:example 2019-07-15 22:12:57.032  INFO 2952 --- [restartedMain] .s.d.r.c.RepositoryConfigurationDelegate : Multiple Spring Data modules found, entering strict repository configuration mode!
appname:example 2019-07-15 22:12:57.033  INFO 2952 --- [restartedMain] .s.d.r.c.RepositoryConfigurationDelegate : Bootstrapping Spring Data repositories in DEFAULT mode.
appname:example 2019-07-15 22:12:57.068  INFO 2952 --- [restartedMain] .s.d.r.c.RepositoryConfigurationDelegate : Finished Spring Data repository scanning in 35ms. Found 0 repository interfaces.
appname:example 2019-07-15 22:12:57.168  INFO 2952 --- [restartedMain] trationDelegate$BeanPostProcessorChecker : Bean 'org.springframework.transaction.annotation.ProxyTransactionManagementConfiguration' of type [org.springframework.transaction.annotation.ProxyTransactionManagementConfiguration$$EnhancerBySpringCGLIB$$e9340250] is not eligible for getting processed by all BeanPostProcessors (for example: not eligible for auto-proxying)
appname:example 2019-07-15 22:12:57.275  INFO 2952 --- [restartedMain] o.s.b.w.embedded.tomcat.TomcatWebServer  : Tomcat initialized with port(s): 8080 (http)
appname:example 2019-07-15 22:12:57.277  INFO 2952 --- [restartedMain] o.apache.catalina.core.StandardService   : Starting service [Tomcat]
appname:example 2019-07-15 22:12:57.277  INFO 2952 --- [restartedMain] org.apache.catalina.core.StandardEngine  : Starting Servlet engine: [Apache Tomcat/9.0.17]
appname:example 2019-07-15 22:12:57.298  INFO 2952 --- [restartedMain] o.a.c.c.C.[Tomcat].[localhost].[/]       : Initializing Spring embedded WebApplicationContext
appname:example 2019-07-15 22:12:57.299  INFO 2952 --- [restartedMain] o.s.web.context.ContextLoader            : Root WebApplicationContext: initialization completed in 642 ms
appname:example 2019-07-15 22:12:57.943  INFO 2952 --- [restartedMain] o.s.s.concurrent.ThreadPoolTaskExecutor  : Initializing ExecutorService 'applicationTaskExecutor'
appname:example 2019-07-15 22:12:58.116  INFO 2952 --- [restartedMain] o.s.b.d.a.OptionalLiveReloadServer       : LiveReload server is running on port 35729
appname:example 2019-07-15 22:12:58.161  INFO 2952 --- [restartedMain] o.s.b.w.embedded.tomcat.TomcatWebServer  : Tomcat started on port(s): 8080 (http) with context path ''
appname:example 2019-07-15 22:12:58.163  INFO 2952 --- [restartedMain] com.lgj.App                              : Started App in 1.574 seconds (JVM running for 573.395)
appname:example 2019-07-15 22:12:58.167  INFO 2952 --- [restartedMain] .ConditionEvaluationDeltaLoggingListener : Condition evaluation unchanged
appname:example 2019-07-15 22:13:09.676  INFO 2952 --- [Thread-34] o.s.s.concurrent.ThreadPoolTaskExecutor  : Shutting down ExecutorService 'applicationTaskExecutor'
appname:example 2019-07-15 22:13:10.109  INFO 2952 --- [restartedMain] com.lgj.App                              : Starting App on DESKTOP-LVB60Q5 with PID 2952 (D:\workspace2\example\target\classes started by 李高杰 in D:\workspace2\example)
appname:example 2019-07-15 22:13:10.110  INFO 2952 --- [restartedMain] com.lgj.App                              : No active profile set, falling back to default profiles: default
appname:example 2019-07-15 22:13:10.506  WARN 2952 --- [restartedMain] o.m.s.mapper.ClassPathMapperScanner      : No MyBatis mapper was found in '[com.lgj]' package. Please check your configuration.
appname:example 2019-07-15 22:13:10.522  INFO 2952 --- [restartedMain] .s.d.r.c.RepositoryConfigurationDelegate : Multiple Spring Data modules found, entering strict repository configuration mode!
appname:example 2019-07-15 22:13:10.522  INFO 2952 --- [restartedMain] .s.d.r.c.RepositoryConfigurationDelegate : Bootstrapping Spring Data repositories in DEFAULT mode.
appname:example 2019-07-15 22:13:10.550  INFO 2952 --- [restartedMain] .s.d.r.c.RepositoryConfigurationDelegate : Finished Spring Data repository scanning in 28ms. Found 0 repository interfaces.
appname:example 2019-07-15 22:13:10.628  INFO 2952 --- [restartedMain] trationDelegate$BeanPostProcessorChecker : Bean 'org.springframework.transaction.annotation.ProxyTransactionManagementConfiguration' of type [org.springframework.transaction.annotation.ProxyTransactionManagementConfiguration$$EnhancerBySpringCGLIB$$e9340250] is not eligible for getting processed by all BeanPostProcessors (for example: not eligible for auto-proxying)
appname:example 2019-07-15 22:13:10.717  INFO 2952 --- [restartedMain] o.s.b.w.embedded.tomcat.TomcatWebServer  : Tomcat initialized with port(s): 8080 (http)
appname:example 2019-07-15 22:13:10.719  INFO 2952 --- [restartedMain] o.apache.catalina.core.StandardService   : Starting service [Tomcat]
appname:example 2019-07-15 22:13:10.719  INFO 2952 --- [restartedMain] org.apache.catalina.core.StandardEngine  : Starting Servlet engine: [Apache Tomcat/9.0.17]
appname:example 2019-07-15 22:13:10.742  INFO 2952 --- [restartedMain] o.a.c.c.C.[Tomcat].[localhost].[/]       : Initializing Spring embedded WebApplicationContext
appname:example 2019-07-15 22:13:10.743  INFO 2952 --- [restartedMain] o.s.web.context.ContextLoader            : Root WebApplicationContext: initialization completed in 628 ms
appname:example 2019-07-15 22:13:11.007  INFO 2952 --- [restartedMain] o.s.s.concurrent.ThreadPoolTaskExecutor  : Initializing ExecutorService 'applicationTaskExecutor'
appname:example 2019-07-15 22:13:11.113  INFO 2952 --- [restartedMain] o.s.b.d.a.OptionalLiveReloadServer       : LiveReload server is running on port 35729
appname:example 2019-07-15 22:13:11.171  INFO 2952 --- [restartedMain] o.s.b.w.embedded.tomcat.TomcatWebServer  : Tomcat started on port(s): 8080 (http) with context path ''
appname:example 2019-07-15 22:13:11.175  INFO 2952 --- [restartedMain] com.lgj.App                              : Started App in 1.147 seconds (JVM running for 586.408)
appname:example 2019-07-15 22:13:11.190  INFO 2952 --- [restartedMain] .ConditionEvaluationDeltaLoggingListener : Condition evaluation unchanged
appname:example 2019-07-15 22:13:35.749  INFO 2952 --- [Thread-40] o.s.s.concurrent.ThreadPoolTaskExecutor  : Shutting down ExecutorService 'applicationTaskExecutor'
appname:example 2019-07-15 22:13:36.145  INFO 2952 --- [restartedMain] com.lgj.App                              : Starting App on DESKTOP-LVB60Q5 with PID 2952 (D:\workspace2\example\target\classes started by 李高杰 in D:\workspace2\example)
appname:example 2019-07-15 22:13:36.146  INFO 2952 --- [restartedMain] com.lgj.App                              : No active profile set, falling back to default profiles: default
appname:example 2019-07-15 22:13:36.686  WARN 2952 --- [restartedMain] o.m.s.mapper.ClassPathMapperScanner      : No MyBatis mapper was found in '[com.lgj]' package. Please check your configuration.
appname:example 2019-07-15 22:13:36.713  INFO 2952 --- [restartedMain] .s.d.r.c.RepositoryConfigurationDelegate : Multiple Spring Data modules found, entering strict repository configuration mode!
appname:example 2019-07-15 22:13:36.714  INFO 2952 --- [restartedMain] .s.d.r.c.RepositoryConfigurationDelegate : Bootstrapping Spring Data repositories in DEFAULT mode.
appname:example 2019-07-15 22:13:36.772  INFO 2952 --- [restartedMain] .s.d.r.c.RepositoryConfigurationDelegate : Finished Spring Data repository scanning in 57ms. Found 0 repository interfaces.
appname:example 2019-07-15 22:13:37.011  INFO 2952 --- [restartedMain] trationDelegate$BeanPostProcessorChecker : Bean 'org.springframework.transaction.annotation.ProxyTransactionManagementConfiguration' of type [org.springframework.transaction.annotation.ProxyTransactionManagementConfiguration$$EnhancerBySpringCGLIB$$e9340250] is not eligible for getting processed by all BeanPostProcessors (for example: not eligible for auto-proxying)
appname:example 2019-07-15 22:13:37.140  INFO 2952 --- [restartedMain] o.s.b.w.embedded.tomcat.TomcatWebServer  : Tomcat initialized with port(s): 8080 (http)
appname:example 2019-07-15 22:13:37.144  INFO 2952 --- [restartedMain] o.apache.catalina.core.StandardService   : Starting service [Tomcat]
appname:example 2019-07-15 22:13:37.146  INFO 2952 --- [restartedMain] org.apache.catalina.core.StandardEngine  : Starting Servlet engine: [Apache Tomcat/9.0.17]
appname:example 2019-07-15 22:13:37.177  INFO 2952 --- [restartedMain] o.a.c.c.C.[Tomcat].[localhost].[/]       : Initializing Spring embedded WebApplicationContext
appname:example 2019-07-15 22:13:37.177  INFO 2952 --- [restartedMain] o.s.web.context.ContextLoader            : Root WebApplicationContext: initialization completed in 1025 ms
appname:example 2019-07-15 22:13:37.494  INFO 2952 --- [restartedMain] o.s.s.concurrent.ThreadPoolTaskExecutor  : Initializing ExecutorService 'applicationTaskExecutor'
appname:example 2019-07-15 22:13:37.612  INFO 2952 --- [restartedMain] o.s.b.d.a.OptionalLiveReloadServer       : LiveReload server is running on port 35729
appname:example 2019-07-15 22:13:37.657  INFO 2952 --- [restartedMain] o.s.b.w.embedded.tomcat.TomcatWebServer  : Tomcat started on port(s): 8080 (http) with context path ''
appname:example 2019-07-15 22:13:37.658  INFO 2952 --- [restartedMain] com.lgj.App                              : Started App in 1.571 seconds (JVM running for 612.89)
appname:example 2019-07-15 22:13:37.661  INFO 2952 --- [restartedMain] .ConditionEvaluationDeltaLoggingListener : Condition evaluation unchanged
appname:example 2019-07-15 22:13:40.060  INFO 2952 --- [Thread-46] o.s.s.concurrent.ThreadPoolTaskExecutor  : Shutting down ExecutorService 'applicationTaskExecutor'
appname:example 2019-07-15 22:13:40.424  INFO 2952 --- [restartedMain] com.lgj.App                              : Starting App on DESKTOP-LVB60Q5 with PID 2952 (D:\workspace2\example\target\classes started by 李高杰 in D:\workspace2\example)
appname:example 2019-07-15 22:13:40.424  INFO 2952 --- [restartedMain] com.lgj.App                              : No active profile set, falling back to default profiles: default
appname:example 2019-07-15 22:13:40.787  WARN 2952 --- [restartedMain] o.m.s.mapper.ClassPathMapperScanner      : No MyBatis mapper was found in '[com.lgj]' package. Please check your configuration.
appname:example 2019-07-15 22:13:40.800  INFO 2952 --- [restartedMain] .s.d.r.c.RepositoryConfigurationDelegate : Multiple Spring Data modules found, entering strict repository configuration mode!
appname:example 2019-07-15 22:13:40.800  INFO 2952 --- [restartedMain] .s.d.r.c.RepositoryConfigurationDelegate : Bootstrapping Spring Data repositories in DEFAULT mode.
appname:example 2019-07-15 22:13:40.824  INFO 2952 --- [restartedMain] .s.d.r.c.RepositoryConfigurationDelegate : Finished Spring Data repository scanning in 23ms. Found 0 repository interfaces.
appname:example 2019-07-15 22:13:40.898  INFO 2952 --- [restartedMain] trationDelegate$BeanPostProcessorChecker : Bean 'org.springframework.transaction.annotation.ProxyTransactionManagementConfiguration' of type [org.springframework.transaction.annotation.ProxyTransactionManagementConfiguration$$EnhancerBySpringCGLIB$$e9340250] is not eligible for getting processed by all BeanPostProcessors (for example: not eligible for auto-proxying)
appname:example 2019-07-15 22:13:40.992  INFO 2952 --- [restartedMain] o.s.b.w.embedded.tomcat.TomcatWebServer  : Tomcat initialized with port(s): 8080 (http)
appname:example 2019-07-15 22:13:40.993  INFO 2952 --- [restartedMain] o.apache.catalina.core.StandardService   : Starting service [Tomcat]
appname:example 2019-07-15 22:13:40.993  INFO 2952 --- [restartedMain] org.apache.catalina.core.StandardEngine  : Starting Servlet engine: [Apache Tomcat/9.0.17]
appname:example 2019-07-15 22:13:41.013  INFO 2952 --- [restartedMain] o.a.c.c.C.[Tomcat].[localhost].[/]       : Initializing Spring embedded WebApplicationContext
appname:example 2019-07-15 22:13:41.013  INFO 2952 --- [restartedMain] o.s.web.context.ContextLoader            : Root WebApplicationContext: initialization completed in 585 ms
appname:example 2019-07-15 22:13:41.285  INFO 2952 --- [restartedMain] o.s.s.concurrent.ThreadPoolTaskExecutor  : Initializing ExecutorService 'applicationTaskExecutor'
appname:example 2019-07-15 22:13:41.401  INFO 2952 --- [restartedMain] o.s.b.d.a.OptionalLiveReloadServer       : LiveReload server is running on port 35729
appname:example 2019-07-15 22:13:41.434  INFO 2952 --- [restartedMain] o.s.b.w.embedded.tomcat.TomcatWebServer  : Tomcat started on port(s): 8080 (http) with context path ''
appname:example 2019-07-15 22:13:41.439  INFO 2952 --- [restartedMain] com.lgj.App                              : Started App in 1.058 seconds (JVM running for 616.671)
appname:example 2019-07-15 22:13:41.445  INFO 2952 --- [restartedMain] .ConditionEvaluationDeltaLoggingListener : Condition evaluation unchanged
appname:example 2019-07-15 22:13:43.840  INFO 2952 --- [Thread-52] o.s.s.concurrent.ThreadPoolTaskExecutor  : Shutting down ExecutorService 'applicationTaskExecutor'
appname:example 2019-07-15 22:13:44.151  INFO 2952 --- [restartedMain] com.lgj.App                              : Starting App on DESKTOP-LVB60Q5 with PID 2952 (D:\workspace2\example\target\classes started by 李高杰 in D:\workspace2\example)
appname:example 2019-07-15 22:13:44.152  INFO 2952 --- [restartedMain] com.lgj.App                              : No active profile set, falling back to default profiles: default
appname:example 2019-07-15 22:13:44.468  WARN 2952 --- [restartedMain] o.m.s.mapper.ClassPathMapperScanner      : No MyBatis mapper was found in '[com.lgj]' package. Please check your configuration.
appname:example 2019-07-15 22:13:44.479  INFO 2952 --- [restartedMain] .s.d.r.c.RepositoryConfigurationDelegate : Multiple Spring Data modules found, entering strict repository configuration mode!
appname:example 2019-07-15 22:13:44.479  INFO 2952 --- [restartedMain] .s.d.r.c.RepositoryConfigurationDelegate : Bootstrapping Spring Data repositories in DEFAULT mode.
appname:example 2019-07-15 22:13:44.495  INFO 2952 --- [restartedMain] .s.d.r.c.RepositoryConfigurationDelegate : Finished Spring Data repository scanning in 16ms. Found 0 repository interfaces.
appname:example 2019-07-15 22:13:44.561  INFO 2952 --- [restartedMain] trationDelegate$BeanPostProcessorChecker : Bean 'org.springframework.transaction.annotation.ProxyTransactionManagementConfiguration' of type [org.springframework.transaction.annotation.ProxyTransactionManagementConfiguration$$EnhancerBySpringCGLIB$$e9340250] is not eligible for getting processed by all BeanPostProcessors (for example: not eligible for auto-proxying)
appname:example 2019-07-15 22:13:44.651  INFO 2952 --- [restartedMain] o.s.b.w.embedded.tomcat.TomcatWebServer  : Tomcat initialized with port(s): 8080 (http)
appname:example 2019-07-15 22:13:44.652  INFO 2952 --- [restartedMain] o.apache.catalina.core.StandardService   : Starting service [Tomcat]
appname:example 2019-07-15 22:13:44.653  INFO 2952 --- [restartedMain] org.apache.catalina.core.StandardEngine  : Starting Servlet engine: [Apache Tomcat/9.0.17]
appname:example 2019-07-15 22:13:44.668  INFO 2952 --- [restartedMain] o.a.c.c.C.[Tomcat].[localhost].[/]       : Initializing Spring embedded WebApplicationContext
appname:example 2019-07-15 22:13:44.669  INFO 2952 --- [restartedMain] o.s.web.context.ContextLoader            : Root WebApplicationContext: initialization completed in 514 ms
appname:example 2019-07-15 22:13:44.996  INFO 2952 --- [restartedMain] o.s.s.concurrent.ThreadPoolTaskExecutor  : Initializing ExecutorService 'applicationTaskExecutor'
appname:example 2019-07-15 22:13:45.112  INFO 2952 --- [restartedMain] o.s.b.d.a.OptionalLiveReloadServer       : LiveReload server is running on port 35729
appname:example 2019-07-15 22:13:45.151  INFO 2952 --- [restartedMain] o.s.b.w.embedded.tomcat.TomcatWebServer  : Tomcat started on port(s): 8080 (http) with context path ''
appname:example 2019-07-15 22:13:45.152  INFO 2952 --- [restartedMain] com.lgj.App                              : Started App in 1.046 seconds (JVM running for 620.384)
appname:example 2019-07-15 22:13:45.155  INFO 2952 --- [restartedMain] .ConditionEvaluationDeltaLoggingListener : Condition evaluation unchanged
appname:example 2019-07-15 22:14:34.023  INFO 2952 --- [Thread-58] o.s.s.concurrent.ThreadPoolTaskExecutor  : Shutting down ExecutorService 'applicationTaskExecutor'
appname:example 2019-07-15 22:14:34.365  INFO 2952 --- [restartedMain] com.lgj.App                              : Starting App on DESKTOP-LVB60Q5 with PID 2952 (D:\workspace2\example\target\classes started by 李高杰 in D:\workspace2\example)
appname:example 2019-07-15 22:14:34.365  INFO 2952 --- [restartedMain] com.lgj.App                              : No active profile set, falling back to default profiles: default
appname:example 2019-07-15 22:14:34.667  WARN 2952 --- [restartedMain] o.m.s.mapper.ClassPathMapperScanner      : No MyBatis mapper was found in '[com.lgj]' package. Please check your configuration.
appname:example 2019-07-15 22:14:34.679  INFO 2952 --- [restartedMain] .s.d.r.c.RepositoryConfigurationDelegate : Multiple Spring Data modules found, entering strict repository configuration mode!
appname:example 2019-07-15 22:14:34.679  INFO 2952 --- [restartedMain] .s.d.r.c.RepositoryConfigurationDelegate : Bootstrapping Spring Data repositories in DEFAULT mode.
appname:example 2019-07-15 22:14:34.708  INFO 2952 --- [restartedMain] .s.d.r.c.RepositoryConfigurationDelegate : Finished Spring Data repository scanning in 29ms. Found 0 repository interfaces.
appname:example 2019-07-15 22:14:34.808  INFO 2952 --- [restartedMain] trationDelegate$BeanPostProcessorChecker : Bean 'org.springframework.transaction.annotation.ProxyTransactionManagementConfiguration' of type [org.springframework.transaction.annotation.ProxyTransactionManagementConfiguration$$EnhancerBySpringCGLIB$$e9340250] is not eligible for getting processed by all BeanPostProcessors (for example: not eligible for auto-proxying)
appname:example 2019-07-15 22:14:34.887  INFO 2952 --- [restartedMain] o.s.b.w.embedded.tomcat.TomcatWebServer  : Tomcat initialized with port(s): 8080 (http)
appname:example 2019-07-15 22:14:34.888  INFO 2952 --- [restartedMain] o.apache.catalina.core.StandardService   : Starting service [Tomcat]
appname:example 2019-07-15 22:14:34.889  INFO 2952 --- [restartedMain] org.apache.catalina.core.StandardEngine  : Starting Servlet engine: [Apache Tomcat/9.0.17]
appname:example 2019-07-15 22:14:34.904  INFO 2952 --- [restartedMain] o.a.c.c.C.[Tomcat].[localhost].[/]       : Initializing Spring embedded WebApplicationContext
appname:example 2019-07-15 22:14:34.905  INFO 2952 --- [restartedMain] o.s.web.context.ContextLoader            : Root WebApplicationContext: initialization completed in 536 ms
appname:example 2019-07-15 22:14:35.122  INFO 2952 --- [restartedMain] o.s.s.concurrent.ThreadPoolTaskExecutor  : Initializing ExecutorService 'applicationTaskExecutor'
appname:example 2019-07-15 22:14:35.199  INFO 2952 --- [restartedMain] o.s.b.d.a.OptionalLiveReloadServer       : LiveReload server is running on port 35729
appname:example 2019-07-15 22:14:35.230  INFO 2952 --- [restartedMain] o.s.b.w.embedded.tomcat.TomcatWebServer  : Tomcat started on port(s): 8080 (http) with context path ''
appname:example 2019-07-15 22:14:35.232  INFO 2952 --- [restartedMain] com.lgj.App                              : Started App in 0.909 seconds (JVM running for 670.464)
appname:example 2019-07-15 22:14:35.237  INFO 2952 --- [restartedMain] .ConditionEvaluationDeltaLoggingListener : Condition evaluation unchanged
appname:example 2019-07-15 22:14:45.721  INFO 2952 --- [Thread-64] o.s.s.concurrent.ThreadPoolTaskExecutor  : Shutting down ExecutorService 'applicationTaskExecutor'
appname:example 2019-07-15 22:14:46.072  INFO 2952 --- [restartedMain] com.lgj.App                              : Starting App on DESKTOP-LVB60Q5 with PID 2952 (D:\workspace2\example\target\classes started by 李高杰 in D:\workspace2\example)
appname:example 2019-07-15 22:14:46.072  INFO 2952 --- [restartedMain] com.lgj.App                              : No active profile set, falling back to default profiles: default
appname:example 2019-07-15 22:14:46.322  WARN 2952 --- [restartedMain] o.m.s.mapper.ClassPathMapperScanner      : No MyBatis mapper was found in '[com.lgj]' package. Please check your configuration.
appname:example 2019-07-15 22:14:46.329  INFO 2952 --- [restartedMain] .s.d.r.c.RepositoryConfigurationDelegate : Multiple Spring Data modules found, entering strict repository configuration mode!
appname:example 2019-07-15 22:14:46.330  INFO 2952 --- [restartedMain] .s.d.r.c.RepositoryConfigurationDelegate : Bootstrapping Spring Data repositories in DEFAULT mode.
appname:example 2019-07-15 22:14:46.344  INFO 2952 --- [restartedMain] .s.d.r.c.RepositoryConfigurationDelegate : Finished Spring Data repository scanning in 14ms. Found 0 repository interfaces.
appname:example 2019-07-15 22:14:46.396  INFO 2952 --- [restartedMain] trationDelegate$BeanPostProcessorChecker : Bean 'org.springframework.transaction.annotation.ProxyTransactionManagementConfiguration' of type [org.springframework.transaction.annotation.ProxyTransactionManagementConfiguration$$EnhancerBySpringCGLIB$$e9340250] is not eligible for getting processed by all BeanPostProcessors (for example: not eligible for auto-proxying)
appname:example 2019-07-15 22:14:46.581  INFO 2952 --- [restartedMain] o.s.b.w.embedded.tomcat.TomcatWebServer  : Tomcat initialized with port(s): 8080 (http)
appname:example 2019-07-15 22:14:46.584  INFO 2952 --- [restartedMain] o.apache.catalina.core.StandardService   : Starting service [Tomcat]
appname:example 2019-07-15 22:14:46.585  INFO 2952 --- [restartedMain] org.apache.catalina.core.StandardEngine  : Starting Servlet engine: [Apache Tomcat/9.0.17]
appname:example 2019-07-15 22:14:46.610  INFO 2952 --- [restartedMain] o.a.c.c.C.[Tomcat].[localhost].[/]       : Initializing Spring embedded WebApplicationContext
appname:example 2019-07-15 22:14:46.610  INFO 2952 --- [restartedMain] o.s.web.context.ContextLoader            : Root WebApplicationContext: initialization completed in 534 ms
appname:example 2019-07-15 22:14:46.934  INFO 2952 --- [restartedMain] o.s.s.concurrent.ThreadPoolTaskExecutor  : Initializing ExecutorService 'applicationTaskExecutor'
appname:example 2019-07-15 22:14:47.030  INFO 2952 --- [restartedMain] o.s.b.d.a.OptionalLiveReloadServer       : LiveReload server is running on port 35729
appname:example 2019-07-15 22:14:47.059  INFO 2952 --- [restartedMain] o.s.b.w.embedded.tomcat.TomcatWebServer  : Tomcat started on port(s): 8080 (http) with context path ''
appname:example 2019-07-15 22:14:47.065  INFO 2952 --- [restartedMain] com.lgj.App                              : Started App in 1.032 seconds (JVM running for 682.298)
appname:example 2019-07-15 22:14:47.071  INFO 2952 --- [restartedMain] .ConditionEvaluationDeltaLoggingListener : Condition evaluation unchanged
appname:example 2019-07-15 22:14:50.476  INFO 2952 --- [Thread-70] o.s.s.concurrent.ThreadPoolTaskExecutor  : Shutting down ExecutorService 'applicationTaskExecutor'
appname:example 2019-07-15 22:14:50.818  INFO 2952 --- [restartedMain] com.lgj.App                              : Starting App on DESKTOP-LVB60Q5 with PID 2952 (D:\workspace2\example\target\classes started by 李高杰 in D:\workspace2\example)
appname:example 2019-07-15 22:14:50.819  INFO 2952 --- [restartedMain] com.lgj.App                              : No active profile set, falling back to default profiles: default
appname:example 2019-07-15 22:14:51.093  WARN 2952 --- [restartedMain] o.m.s.mapper.ClassPathMapperScanner      : No MyBatis mapper was found in '[com.lgj]' package. Please check your configuration.
appname:example 2019-07-15 22:14:51.104  INFO 2952 --- [restartedMain] .s.d.r.c.RepositoryConfigurationDelegate : Multiple Spring Data modules found, entering strict repository configuration mode!
appname:example 2019-07-15 22:14:51.105  INFO 2952 --- [restartedMain] .s.d.r.c.RepositoryConfigurationDelegate : Bootstrapping Spring Data repositories in DEFAULT mode.
appname:example 2019-07-15 22:14:51.120  INFO 2952 --- [restartedMain] .s.d.r.c.RepositoryConfigurationDelegate : Finished Spring Data repository scanning in 15ms. Found 0 repository interfaces.
appname:example 2019-07-15 22:14:51.179  INFO 2952 --- [restartedMain] trationDelegate$BeanPostProcessorChecker : Bean 'org.springframework.transaction.annotation.ProxyTransactionManagementConfiguration' of type [org.springframework.transaction.annotation.ProxyTransactionManagementConfiguration$$EnhancerBySpringCGLIB$$e9340250] is not eligible for getting processed by all BeanPostProcessors (for example: not eligible for auto-proxying)
appname:example 2019-07-15 22:14:51.244  INFO 2952 --- [restartedMain] o.s.b.w.embedded.tomcat.TomcatWebServer  : Tomcat initialized with port(s): 8080 (http)
appname:example 2019-07-15 22:14:51.246  INFO 2952 --- [restartedMain] o.apache.catalina.core.StandardService   : Starting service [Tomcat]
appname:example 2019-07-15 22:14:51.246  INFO 2952 --- [restartedMain] org.apache.catalina.core.StandardEngine  : Starting Servlet engine: [Apache Tomcat/9.0.17]
appname:example 2019-07-15 22:14:51.259  INFO 2952 --- [restartedMain] o.a.c.c.C.[Tomcat].[localhost].[/]       : Initializing Spring embedded WebApplicationContext
appname:example 2019-07-15 22:14:51.260  INFO 2952 --- [restartedMain] o.s.web.context.ContextLoader            : Root WebApplicationContext: initialization completed in 438 ms
appname:example 2019-07-15 22:14:51.485  INFO 2952 --- [restartedMain] o.s.s.concurrent.ThreadPoolTaskExecutor  : Initializing ExecutorService 'applicationTaskExecutor'
appname:example 2019-07-15 22:14:51.561  INFO 2952 --- [restartedMain] o.s.b.d.a.OptionalLiveReloadServer       : LiveReload server is running on port 35729
appname:example 2019-07-15 22:14:51.583  INFO 2952 --- [restartedMain] o.s.b.w.embedded.tomcat.TomcatWebServer  : Tomcat started on port(s): 8080 (http) with context path ''
appname:example 2019-07-15 22:14:51.584  INFO 2952 --- [restartedMain] com.lgj.App                              : Started App in 0.802 seconds (JVM running for 686.816)
appname:example 2019-07-15 22:14:51.587  INFO 2952 --- [restartedMain] .ConditionEvaluationDeltaLoggingListener : Condition evaluation unchanged
appname:example 2019-07-15 22:15:59.841  INFO 6536 --- [restartedMain] com.lgj.App                              : Starting App on DESKTOP-LVB60Q5 with PID 6536 (D:\workspace2\example\target\classes started by 李高杰 in D:\workspace2\example)
appname:example 2019-07-15 22:15:59.852  INFO 6536 --- [restartedMain] com.lgj.App                              : No active profile set, falling back to default profiles: default
appname:example 2019-07-15 22:16:00.033  INFO 6536 --- [restartedMain] .e.DevToolsPropertyDefaultsPostProcessor : Devtools property defaults active! Set 'spring.devtools.add-properties' to 'false' to disable
appname:example 2019-07-15 22:16:00.034  INFO 6536 --- [restartedMain] .e.DevToolsPropertyDefaultsPostProcessor : For additional web related logging consider setting the 'logging.level.web' property to 'DEBUG'
appname:example 2019-07-15 22:16:02.349  WARN 6536 --- [restartedMain] o.m.s.mapper.ClassPathMapperScanner      : No MyBatis mapper was found in '[com.lgj]' package. Please check your configuration.
appname:example 2019-07-15 22:16:02.455  INFO 6536 --- [restartedMain] .s.d.r.c.RepositoryConfigurationDelegate : Multiple Spring Data modules found, entering strict repository configuration mode!
appname:example 2019-07-15 22:16:02.470  INFO 6536 --- [restartedMain] .s.d.r.c.RepositoryConfigurationDelegate : Bootstrapping Spring Data repositories in DEFAULT mode.
appname:example 2019-07-15 22:16:02.544  INFO 6536 --- [restartedMain] .s.d.r.c.RepositoryConfigurationDelegate : Finished Spring Data repository scanning in 45ms. Found 0 repository interfaces.
appname:example 2019-07-15 22:16:03.394  INFO 6536 --- [restartedMain] trationDelegate$BeanPostProcessorChecker : Bean 'org.springframework.transaction.annotation.ProxyTransactionManagementConfiguration' of type [org.springframework.transaction.annotation.ProxyTransactionManagementConfiguration$$EnhancerBySpringCGLIB$$a9e6f144] is not eligible for getting processed by all BeanPostProcessors (for example: not eligible for auto-proxying)
appname:example 2019-07-15 22:16:04.488  INFO 6536 --- [restartedMain] o.s.b.w.embedded.tomcat.TomcatWebServer  : Tomcat initialized with port(s): 8080 (http)
appname:example 2019-07-15 22:16:04.568  INFO 6536 --- [restartedMain] o.apache.catalina.core.StandardService   : Starting service [Tomcat]
appname:example 2019-07-15 22:16:04.569  INFO 6536 --- [restartedMain] org.apache.catalina.core.StandardEngine  : Starting Servlet engine: [Apache Tomcat/9.0.17]
appname:example 2019-07-15 22:16:04.986  INFO 6536 --- [restartedMain] o.a.c.c.C.[Tomcat].[localhost].[/]       : Initializing Spring embedded WebApplicationContext
appname:example 2019-07-15 22:16:04.988  INFO 6536 --- [restartedMain] o.s.web.context.ContextLoader            : Root WebApplicationContext: initialization completed in 4953 ms
appname:example 2019-07-15 22:16:07.377  INFO 6536 --- [restartedMain] o.s.s.concurrent.ThreadPoolTaskExecutor  : Initializing ExecutorService 'applicationTaskExecutor'
appname:example 2019-07-15 22:16:08.258  INFO 6536 --- [restartedMain] o.s.b.d.a.OptionalLiveReloadServer       : LiveReload server is running on port 35729
appname:example 2019-07-15 22:16:08.457  INFO 6536 --- [restartedMain] o.s.b.w.embedded.tomcat.TomcatWebServer  : Tomcat started on port(s): 8080 (http) with context path ''
appname:example 2019-07-15 22:16:08.464  INFO 6536 --- [restartedMain] com.lgj.App                              : Started App in 9.493 seconds (JVM running for 10.319)
appname:example 2019-07-15 22:17:07.784  INFO 6536 --- [http-nio-8080-exec-2] o.a.c.c.C.[Tomcat].[localhost].[/]       : Initializing Spring DispatcherServlet 'dispatcherServlet'
appname:example 2019-07-15 22:17:07.784  INFO 6536 --- [http-nio-8080-exec-2] o.s.web.servlet.DispatcherServlet        : Initializing Servlet 'dispatcherServlet'
appname:example 2019-07-15 22:17:07.796  INFO 6536 --- [http-nio-8080-exec-2] o.s.web.servlet.DispatcherServlet        : Completed initialization in 11 ms
appname:example 2019-07-15 22:17:07.905  INFO 6536 --- [http-nio-8080-exec-2] com.alibaba.druid.pool.DruidDataSource   : {dataSource-1} inited
appname:example 2019-07-15 22:17:08.632  INFO 6536 --- [http-nio-8080-exec-2] io.lettuce.core.EpollProvider            : Starting without optional epoll library
appname:example 2019-07-15 22:17:08.635  INFO 6536 --- [http-nio-8080-exec-2] io.lettuce.core.KqueueProvider           : Starting without optional kqueue library
appname:example 2019-07-15 22:47:21.642  INFO 6536 --- [Thread-6] o.s.s.concurrent.ThreadPoolTaskExecutor  : Shutting down ExecutorService 'applicationTaskExecutor'
appname:example 2019-07-15 22:47:22.798  INFO 6536 --- [Thread-6] com.alibaba.druid.pool.DruidDataSource   : {dataSource-1} closed
appname:example 2019-07-15 22:47:23.352  INFO 6536 --- [restartedMain] com.lgj.App                              : Starting App on DESKTOP-LVB60Q5 with PID 6536 (D:\workspace2\example\target\classes started by 李高杰 in D:\workspace2\example)
appname:example 2019-07-15 22:47:23.353  INFO 6536 --- [restartedMain] com.lgj.App                              : No active profile set, falling back to default profiles: default
appname:example 2019-07-15 22:47:24.291  WARN 6536 --- [restartedMain] o.m.s.mapper.ClassPathMapperScanner      : No MyBatis mapper was found in '[com.lgj]' package. Please check your configuration.
appname:example 2019-07-15 22:47:24.330  INFO 6536 --- [restartedMain] .s.d.r.c.RepositoryConfigurationDelegate : Multiple Spring Data modules found, entering strict repository configuration mode!
appname:example 2019-07-15 22:47:24.331  INFO 6536 --- [restartedMain] .s.d.r.c.RepositoryConfigurationDelegate : Bootstrapping Spring Data repositories in DEFAULT mode.
appname:example 2019-07-15 22:47:24.358  INFO 6536 --- [restartedMain] .s.d.r.c.RepositoryConfigurationDelegate : Finished Spring Data repository scanning in 27ms. Found 0 repository interfaces.
appname:example 2019-07-15 22:47:24.528  INFO 6536 --- [restartedMain] trationDelegate$BeanPostProcessorChecker : Bean 'org.springframework.transaction.annotation.ProxyTransactionManagementConfiguration' of type [org.springframework.transaction.annotation.ProxyTransactionManagementConfiguration$$EnhancerBySpringCGLIB$$a9e6f144] is not eligible for getting processed by all BeanPostProcessors (for example: not eligible for auto-proxying)
appname:example 2019-07-15 22:47:24.712  INFO 6536 --- [restartedMain] o.s.b.w.embedded.tomcat.TomcatWebServer  : Tomcat initialized with port(s): 8080 (http)
appname:example 2019-07-15 22:47:24.715  INFO 6536 --- [restartedMain] o.apache.catalina.core.StandardService   : Starting service [Tomcat]
appname:example 2019-07-15 22:47:24.722  INFO 6536 --- [restartedMain] org.apache.catalina.core.StandardEngine  : Starting Servlet engine: [Apache Tomcat/9.0.17]
appname:example 2019-07-15 22:47:24.766  INFO 6536 --- [restartedMain] o.a.c.c.C.[Tomcat].[localhost].[/]       : Initializing Spring embedded WebApplicationContext
appname:example 2019-07-15 22:47:24.767  INFO 6536 --- [restartedMain] o.s.web.context.ContextLoader            : Root WebApplicationContext: initialization completed in 1401 ms
appname:example 2019-07-15 22:47:25.390  INFO 6536 --- [restartedMain] o.s.s.concurrent.ThreadPoolTaskExecutor  : Initializing ExecutorService 'applicationTaskExecutor'
appname:example 2019-07-15 22:47:25.675  INFO 6536 --- [restartedMain] o.s.b.d.a.OptionalLiveReloadServer       : LiveReload server is running on port 35729
appname:example 2019-07-15 22:47:25.728  INFO 6536 --- [restartedMain] o.s.b.w.embedded.tomcat.TomcatWebServer  : Tomcat started on port(s): 8080 (http) with context path ''
appname:example 2019-07-15 22:47:25.731  INFO 6536 --- [restartedMain] com.lgj.App                              : Started App in 2.508 seconds (JVM running for 1887.587)
appname:example 2019-07-15 22:47:25.857  INFO 6536 --- [restartedMain] .ConditionEvaluationDeltaLoggingListener : Condition evaluation unchanged
appname:example 2019-07-15 22:47:30.456  INFO 6536 --- [http-nio-8080-exec-2] o.a.c.c.C.[Tomcat].[localhost].[/]       : Initializing Spring DispatcherServlet 'dispatcherServlet'
appname:example 2019-07-15 22:47:30.456  INFO 6536 --- [http-nio-8080-exec-2] o.s.web.servlet.DispatcherServlet        : Initializing Servlet 'dispatcherServlet'
appname:example 2019-07-15 22:47:30.462  INFO 6536 --- [http-nio-8080-exec-2] o.s.web.servlet.DispatcherServlet        : Completed initialization in 5 ms
appname:example 2019-07-15 22:47:30.467  INFO 6536 --- [http-nio-8080-exec-2] com.alibaba.druid.pool.DruidDataSource   : {dataSource-2} inited
appname:example 2019-07-15 22:47:34.647  INFO 6536 --- [http-nio-8080-exec-2] com.lgj.domain.impl.TestDomainImpl       : [{"countrycode":"CN","countryname":"中国"},{"countrycode":"USA","countryname":"美国"},{"countrycode":"RU","countryname":"俄罗斯"},{"countrycode":"GB","countryname":"英国"},{"countrycode":"FR","countryname":"法国"}]
appname:example 2019-07-15 22:50:08.667  INFO 6536 --- [Thread-10] o.s.s.concurrent.ThreadPoolTaskExecutor  : Shutting down ExecutorService 'applicationTaskExecutor'
appname:example 2019-07-15 22:50:09.796  INFO 6536 --- [Thread-10] com.alibaba.druid.pool.DruidDataSource   : {dataSource-2} closed
appname:example 2019-07-15 22:50:17.348  INFO 6536 --- [restartedMain] com.lgj.App                              : Starting App on DESKTOP-LVB60Q5 with PID 6536 (D:\workspace2\example\target\classes started by 李高杰 in D:\workspace2\example)
appname:example 2019-07-15 22:50:17.349  INFO 6536 --- [restartedMain] com.lgj.App                              : No active profile set, falling back to default profiles: default
appname:example 2019-07-15 22:50:18.040  WARN 6536 --- [restartedMain] o.m.s.mapper.ClassPathMapperScanner      : No MyBatis mapper was found in '[com.lgj]' package. Please check your configuration.
appname:example 2019-07-15 22:50:18.065  INFO 6536 --- [restartedMain] .s.d.r.c.RepositoryConfigurationDelegate : Multiple Spring Data modules found, entering strict repository configuration mode!
appname:example 2019-07-15 22:50:18.066  INFO 6536 --- [restartedMain] .s.d.r.c.RepositoryConfigurationDelegate : Bootstrapping Spring Data repositories in DEFAULT mode.
appname:example 2019-07-15 22:50:18.100  INFO 6536 --- [restartedMain] .s.d.r.c.RepositoryConfigurationDelegate : Finished Spring Data repository scanning in 34ms. Found 0 repository interfaces.
appname:example 2019-07-15 22:50:18.233  INFO 6536 --- [restartedMain] trationDelegate$BeanPostProcessorChecker : Bean 'org.springframework.transaction.annotation.ProxyTransactionManagementConfiguration' of type [org.springframework.transaction.annotation.ProxyTransactionManagementConfiguration$$EnhancerBySpringCGLIB$$a9e6f144] is not eligible for getting processed by all BeanPostProcessors (for example: not eligible for auto-proxying)
appname:example 2019-07-15 22:50:18.427  INFO 6536 --- [restartedMain] o.s.b.w.embedded.tomcat.TomcatWebServer  : Tomcat initialized with port(s): 8080 (http)
appname:example 2019-07-15 22:50:18.429  INFO 6536 --- [restartedMain] o.apache.catalina.core.StandardService   : Starting service [Tomcat]
appname:example 2019-07-15 22:50:18.430  INFO 6536 --- [restartedMain] org.apache.catalina.core.StandardEngine  : Starting Servlet engine: [Apache Tomcat/9.0.17]
appname:example 2019-07-15 22:50:18.451  INFO 6536 --- [restartedMain] o.a.c.c.C.[Tomcat].[localhost].[/]       : Initializing Spring embedded WebApplicationContext
appname:example 2019-07-15 22:50:18.451  INFO 6536 --- [restartedMain] o.s.web.context.ContextLoader            : Root WebApplicationContext: initialization completed in 1094 ms
appname:example 2019-07-15 22:50:18.889  INFO 6536 --- [restartedMain] o.s.s.concurrent.ThreadPoolTaskExecutor  : Initializing ExecutorService 'applicationTaskExecutor'
appname:example 2019-07-15 22:50:19.070  INFO 6536 --- [restartedMain] o.s.b.d.a.OptionalLiveReloadServer       : LiveReload server is running on port 35729
appname:example 2019-07-15 22:50:19.118  INFO 6536 --- [restartedMain] o.s.b.w.embedded.tomcat.TomcatWebServer  : Tomcat started on port(s): 8080 (http) with context path ''
appname:example 2019-07-15 22:50:19.119  INFO 6536 --- [restartedMain] com.lgj.App                              : Started App in 1.839 seconds (JVM running for 2060.975)
appname:example 2019-07-15 22:50:19.124  INFO 6536 --- [restartedMain] .ConditionEvaluationDeltaLoggingListener : Condition evaluation unchanged
appname:example 2019-07-15 22:50:21.607  INFO 6536 --- [Thread-16] o.s.s.concurrent.ThreadPoolTaskExecutor  : Shutting down ExecutorService 'applicationTaskExecutor'
appname:example 2019-07-15 22:50:22.132  INFO 6536 --- [restartedMain] com.lgj.App                              : Starting App on DESKTOP-LVB60Q5 with PID 6536 (D:\workspace2\example\target\classes started by 李高杰 in D:\workspace2\example)
appname:example 2019-07-15 22:50:22.135  INFO 6536 --- [restartedMain] com.lgj.App                              : No active profile set, falling back to default profiles: default
appname:example 2019-07-15 22:50:22.710  WARN 6536 --- [restartedMain] o.m.s.mapper.ClassPathMapperScanner      : No MyBatis mapper was found in '[com.lgj]' package. Please check your configuration.
appname:example 2019-07-15 22:50:22.736  INFO 6536 --- [restartedMain] .s.d.r.c.RepositoryConfigurationDelegate : Multiple Spring Data modules found, entering strict repository configuration mode!
appname:example 2019-07-15 22:50:22.736  INFO 6536 --- [restartedMain] .s.d.r.c.RepositoryConfigurationDelegate : Bootstrapping Spring Data repositories in DEFAULT mode.
appname:example 2019-07-15 22:50:22.784  INFO 6536 --- [restartedMain] .s.d.r.c.RepositoryConfigurationDelegate : Finished Spring Data repository scanning in 47ms. Found 0 repository interfaces.
appname:example 2019-07-15 22:50:22.953  INFO 6536 --- [restartedMain] trationDelegate$BeanPostProcessorChecker : Bean 'org.springframework.transaction.annotation.ProxyTransactionManagementConfiguration' of type [org.springframework.transaction.annotation.ProxyTransactionManagementConfiguration$$EnhancerBySpringCGLIB$$a9e6f144] is not eligible for getting processed by all BeanPostProcessors (for example: not eligible for auto-proxying)
appname:example 2019-07-15 22:50:23.128  INFO 6536 --- [restartedMain] o.s.b.w.embedded.tomcat.TomcatWebServer  : Tomcat initialized with port(s): 8080 (http)
appname:example 2019-07-15 22:50:23.130  INFO 6536 --- [restartedMain] o.apache.catalina.core.StandardService   : Starting service [Tomcat]
appname:example 2019-07-15 22:50:23.131  INFO 6536 --- [restartedMain] org.apache.catalina.core.StandardEngine  : Starting Servlet engine: [Apache Tomcat/9.0.17]
appname:example 2019-07-15 22:50:23.163  INFO 6536 --- [restartedMain] o.a.c.c.C.[Tomcat].[localhost].[/]       : Initializing Spring embedded WebApplicationContext
appname:example 2019-07-15 22:50:23.163  INFO 6536 --- [restartedMain] o.s.web.context.ContextLoader            : Root WebApplicationContext: initialization completed in 1015 ms
appname:example 2019-07-15 22:50:23.591  INFO 6536 --- [restartedMain] o.s.s.concurrent.ThreadPoolTaskExecutor  : Initializing ExecutorService 'applicationTaskExecutor'
appname:example 2019-07-15 22:50:23.741  INFO 6536 --- [restartedMain] o.s.b.d.a.OptionalLiveReloadServer       : LiveReload server is running on port 35729
appname:example 2019-07-15 22:50:23.786  INFO 6536 --- [restartedMain] o.s.b.w.embedded.tomcat.TomcatWebServer  : Tomcat started on port(s): 8080 (http) with context path ''
appname:example 2019-07-15 22:50:23.789  INFO 6536 --- [restartedMain] com.lgj.App                              : Started App in 1.723 seconds (JVM running for 2065.644)
appname:example 2019-07-15 22:50:23.791  INFO 6536 --- [restartedMain] .ConditionEvaluationDeltaLoggingListener : Condition evaluation unchanged
appname:example 2019-07-15 22:51:25.814  INFO 6536 --- [Thread-22] o.s.s.concurrent.ThreadPoolTaskExecutor  : Shutting down ExecutorService 'applicationTaskExecutor'
appname:example 2019-07-15 22:51:26.224  INFO 6536 --- [restartedMain] com.lgj.App                              : Starting App on DESKTOP-LVB60Q5 with PID 6536 (D:\workspace2\example\target\classes started by 李高杰 in D:\workspace2\example)
appname:example 2019-07-15 22:51:26.224  INFO 6536 --- [restartedMain] com.lgj.App                              : No active profile set, falling back to default profiles: default
appname:example 2019-07-15 22:51:26.757  WARN 6536 --- [restartedMain] o.m.s.mapper.ClassPathMapperScanner      : No MyBatis mapper was found in '[com.lgj]' package. Please check your configuration.
appname:example 2019-07-15 22:51:26.785  INFO 6536 --- [restartedMain] .s.d.r.c.RepositoryConfigurationDelegate : Multiple Spring Data modules found, entering strict repository configuration mode!
appname:example 2019-07-15 22:51:26.785  INFO 6536 --- [restartedMain] .s.d.r.c.RepositoryConfigurationDelegate : Bootstrapping Spring Data repositories in DEFAULT mode.
appname:example 2019-07-15 22:51:26.814  INFO 6536 --- [restartedMain] .s.d.r.c.RepositoryConfigurationDelegate : Finished Spring Data repository scanning in 28ms. Found 0 repository interfaces.
appname:example 2019-07-15 22:51:26.948  INFO 6536 --- [restartedMain] trationDelegate$BeanPostProcessorChecker : Bean 'org.springframework.transaction.annotation.ProxyTransactionManagementConfiguration' of type [org.springframework.transaction.annotation.ProxyTransactionManagementConfiguration$$EnhancerBySpringCGLIB$$a9e6f144] is not eligible for getting processed by all BeanPostProcessors (for example: not eligible for auto-proxying)
appname:example 2019-07-15 22:51:27.073  INFO 6536 --- [restartedMain] o.s.b.w.embedded.tomcat.TomcatWebServer  : Tomcat initialized with port(s): 8080 (http)
appname:example 2019-07-15 22:51:27.074  INFO 6536 --- [restartedMain] o.apache.catalina.core.StandardService   : Starting service [Tomcat]
appname:example 2019-07-15 22:51:27.075  INFO 6536 --- [restartedMain] org.apache.catalina.core.StandardEngine  : Starting Servlet engine: [Apache Tomcat/9.0.17]
appname:example 2019-07-15 22:51:27.095  INFO 6536 --- [restartedMain] o.a.c.c.C.[Tomcat].[localhost].[/]       : Initializing Spring embedded WebApplicationContext
appname:example 2019-07-15 22:51:27.095  INFO 6536 --- [restartedMain] o.s.web.context.ContextLoader            : Root WebApplicationContext: initialization completed in 863 ms
appname:example 2019-07-15 22:51:27.440  INFO 6536 --- [restartedMain] o.s.s.concurrent.ThreadPoolTaskExecutor  : Initializing ExecutorService 'applicationTaskExecutor'
appname:example 2019-07-15 22:51:27.638  INFO 6536 --- [restartedMain] o.s.b.d.a.OptionalLiveReloadServer       : LiveReload server is running on port 35729
appname:example 2019-07-15 22:51:27.700  INFO 6536 --- [restartedMain] o.s.b.w.embedded.tomcat.TomcatWebServer  : Tomcat started on port(s): 8080 (http) with context path ''
appname:example 2019-07-15 22:51:27.701  INFO 6536 --- [restartedMain] com.lgj.App                              : Started App in 1.538 seconds (JVM running for 2129.557)
appname:example 2019-07-15 22:51:27.705  INFO 6536 --- [restartedMain] .ConditionEvaluationDeltaLoggingListener : Condition evaluation unchanged
appname:example 2019-07-15 22:51:39.435  INFO 6536 --- [http-nio-8080-exec-2] o.a.c.c.C.[Tomcat].[localhost].[/]       : Initializing Spring DispatcherServlet 'dispatcherServlet'
appname:example 2019-07-15 22:51:39.436  INFO 6536 --- [http-nio-8080-exec-2] o.s.web.servlet.DispatcherServlet        : Initializing Servlet 'dispatcherServlet'
appname:example 2019-07-15 22:51:39.443  INFO 6536 --- [http-nio-8080-exec-2] o.s.web.servlet.DispatcherServlet        : Completed initialization in 7 ms
appname:example 2019-07-15 22:51:39.451  INFO 6536 --- [http-nio-8080-exec-2] com.alibaba.druid.pool.DruidDataSource   : {dataSource-3} inited
appname:example 2019-07-15 22:51:55.461 ERROR 6536 --- [http-nio-8080-exec-2] o.a.c.c.C.[.[.[/].[dispatcherServlet]    : Servlet.service() for servlet [dispatcherServlet] in context with path [] threw exception [Request processing failed; nested exception is com.alibaba.fastjson.JSONException: syntax error, expect {, actual string, pos 0, fastjson-version 1.2.54] with root cause

com.alibaba.fastjson.JSONException: syntax error, expect {, actual string, pos 0, fastjson-version 1.2.54
	at com.alibaba.fastjson.parser.deserializer.JavaBeanDeserializer.deserialze(JavaBeanDeserializer.java:474)
	at com.alibaba.fastjson.parser.deserializer.JavaBeanDeserializer.deserialze(JavaBeanDeserializer.java:273)
	at com.alibaba.fastjson.parser.DefaultJSONParser.parseObject(DefaultJSONParser.java:669)
	at com.alibaba.fastjson.JSON.parseObject(JSON.java:368)
	at com.alibaba.fastjson.JSON.parseObject(JSON.java:272)
	at com.alibaba.fastjson.JSON.parseObject(JSON.java:491)
	at com.lgj.domain.impl.TestDomainImpl.query(TestDomainImpl.java:62)
	at com.lgj.controller.TestController.query(TestController.java:39)
	at sun.reflect.NativeMethodAccessorImpl.invoke0(Native Method)
	at sun.reflect.NativeMethodAccessorImpl.invoke(Unknown Source)
	at sun.reflect.DelegatingMethodAccessorImpl.invoke(Unknown Source)
	at java.lang.reflect.Method.invoke(Unknown Source)
	at org.springframework.web.method.support.InvocableHandlerMethod.doInvoke(InvocableHandlerMethod.java:189)
	at org.springframework.web.method.support.InvocableHandlerMethod.invokeForRequest(InvocableHandlerMethod.java:138)
	at org.springframework.web.servlet.mvc.method.annotation.ServletInvocableHandlerMethod.invokeAndHandle(ServletInvocableHandlerMethod.java:102)
	at org.springframework.web.servlet.mvc.method.annotation.RequestMappingHandlerAdapter.invokeHandlerMethod(RequestMappingHandlerAdapter.java:892)
	at org.springframework.web.servlet.mvc.method.annotation.RequestMappingHandlerAdapter.handleInternal(RequestMappingHandlerAdapter.java:797)
	at org.springframework.web.servlet.mvc.method.AbstractHandlerMethodAdapter.handle(AbstractHandlerMethodAdapter.java:87)
	at org.springframework.web.servlet.DispatcherServlet.doDispatch(DispatcherServlet.java:1038)
	at org.springframework.web.servlet.DispatcherServlet.doService(DispatcherServlet.java:942)
	at org.springframework.web.servlet.FrameworkServlet.processRequest(FrameworkServlet.java:1005)
	at org.springframework.web.servlet.FrameworkServlet.doGet(FrameworkServlet.java:897)
	at javax.servlet.http.HttpServlet.service(HttpServlet.java:634)
	at org.springframework.web.servlet.FrameworkServlet.service(FrameworkServlet.java:882)
	at javax.servlet.http.HttpServlet.service(HttpServlet.java:741)
	at org.apache.catalina.core.ApplicationFilterChain.internalDoFilter(ApplicationFilterChain.java:231)
	at org.apache.catalina.core.ApplicationFilterChain.doFilter(ApplicationFilterChain.java:166)
	at org.apache.tomcat.websocket.server.WsFilter.doFilter(WsFilter.java:53)
	at org.apache.catalina.core.ApplicationFilterChain.internalDoFilter(ApplicationFilterChain.java:193)
	at org.apache.catalina.core.ApplicationFilterChain.doFilter(ApplicationFilterChain.java:166)
	at org.springframework.web.filter.RequestContextFilter.doFilterInternal(RequestContextFilter.java:99)
	at org.springframework.web.filter.OncePerRequestFilter.doFilter(OncePerRequestFilter.java:107)
	at org.apache.catalina.core.ApplicationFilterChain.internalDoFilter(ApplicationFilterChain.java:193)
	at org.apache.catalina.core.ApplicationFilterChain.doFilter(ApplicationFilterChain.java:166)
	at org.springframework.web.filter.FormContentFilter.doFilterInternal(FormContentFilter.java:92)
	at org.springframework.web.filter.OncePerRequestFilter.doFilter(OncePerRequestFilter.java:107)
	at org.apache.catalina.core.ApplicationFilterChain.internalDoFilter(ApplicationFilterChain.java:193)
	at org.apache.catalina.core.ApplicationFilterChain.doFilter(ApplicationFilterChain.java:166)
	at org.springframework.web.filter.HiddenHttpMethodFilter.doFilterInternal(HiddenHttpMethodFilter.java:93)
	at org.springframework.web.filter.OncePerRequestFilter.doFilter(OncePerRequestFilter.java:107)
	at org.apache.catalina.core.ApplicationFilterChain.internalDoFilter(ApplicationFilterChain.java:193)
	at org.apache.catalina.core.ApplicationFilterChain.doFilter(ApplicationFilterChain.java:166)
	at org.springframework.web.filter.CharacterEncodingFilter.doFilterInternal(CharacterEncodingFilter.java:200)
	at org.springframework.web.filter.OncePerRequestFilter.doFilter(OncePerRequestFilter.java:107)
	at org.apache.catalina.core.ApplicationFilterChain.internalDoFilter(ApplicationFilterChain.java:193)
	at org.apache.catalina.core.ApplicationFilterChain.doFilter(ApplicationFilterChain.java:166)
	at org.apache.catalina.core.StandardWrapperValve.invoke(StandardWrapperValve.java:200)
	at org.apache.catalina.core.StandardContextValve.invoke(StandardContextValve.java:96)
	at org.apache.catalina.authenticator.AuthenticatorBase.invoke(AuthenticatorBase.java:490)
	at org.apache.catalina.core.StandardHostValve.invoke(StandardHostValve.java:139)
	at org.apache.catalina.valves.ErrorReportValve.invoke(ErrorReportValve.java:92)
	at org.apache.catalina.core.StandardEngineValve.invoke(StandardEngineValve.java:74)
	at org.apache.catalina.connector.CoyoteAdapter.service(CoyoteAdapter.java:343)
	at org.apache.coyote.http11.Http11Processor.service(Http11Processor.java:408)
	at org.apache.coyote.AbstractProcessorLight.process(AbstractProcessorLight.java:66)
	at org.apache.coyote.AbstractProtocol$ConnectionHandler.process(AbstractProtocol.java:834)
	at org.apache.tomcat.util.net.NioEndpoint$SocketProcessor.doRun(NioEndpoint.java:1415)
	at org.apache.tomcat.util.net.SocketProcessorBase.run(SocketProcessorBase.java:49)
	at java.util.concurrent.ThreadPoolExecutor.runWorker(Unknown Source)
	at java.util.concurrent.ThreadPoolExecutor$Worker.run(Unknown Source)
	at org.apache.tomcat.util.threads.TaskThread$WrappingRunnable.run(TaskThread.java:61)
	at java.lang.Thread.run(Unknown Source)

appname:example 2019-07-15 22:54:36.926  INFO 6536 --- [Thread-28] o.s.s.concurrent.ThreadPoolTaskExecutor  : Shutting down ExecutorService 'applicationTaskExecutor'
appname:example 2019-07-15 22:54:38.069  INFO 6536 --- [Thread-28] com.alibaba.druid.pool.DruidDataSource   : {dataSource-3} closed
appname:example 2019-07-15 22:54:39.786  INFO 6536 --- [restartedMain] com.lgj.App                              : Starting App on DESKTOP-LVB60Q5 with PID 6536 (D:\workspace2\example\target\classes started by 李高杰 in D:\workspace2\example)
appname:example 2019-07-15 22:54:39.786  INFO 6536 --- [restartedMain] com.lgj.App                              : No active profile set, falling back to default profiles: default
appname:example 2019-07-15 22:54:40.278  WARN 6536 --- [restartedMain] o.m.s.mapper.ClassPathMapperScanner      : No MyBatis mapper was found in '[com.lgj]' package. Please check your configuration.
appname:example 2019-07-15 22:54:40.318  INFO 6536 --- [restartedMain] .s.d.r.c.RepositoryConfigurationDelegate : Multiple Spring Data modules found, entering strict repository configuration mode!
appname:example 2019-07-15 22:54:40.320  INFO 6536 --- [restartedMain] .s.d.r.c.RepositoryConfigurationDelegate : Bootstrapping Spring Data repositories in DEFAULT mode.
appname:example 2019-07-15 22:54:40.365  INFO 6536 --- [restartedMain] .s.d.r.c.RepositoryConfigurationDelegate : Finished Spring Data repository scanning in 43ms. Found 0 repository interfaces.
appname:example 2019-07-15 22:54:40.458  INFO 6536 --- [restartedMain] trationDelegate$BeanPostProcessorChecker : Bean 'org.springframework.transaction.annotation.ProxyTransactionManagementConfiguration' of type [org.springframework.transaction.annotation.ProxyTransactionManagementConfiguration$$EnhancerBySpringCGLIB$$a9e6f144] is not eligible for getting processed by all BeanPostProcessors (for example: not eligible for auto-proxying)
appname:example 2019-07-15 22:54:40.571  INFO 6536 --- [restartedMain] o.s.b.w.embedded.tomcat.TomcatWebServer  : Tomcat initialized with port(s): 8080 (http)
appname:example 2019-07-15 22:54:40.573  INFO 6536 --- [restartedMain] o.apache.catalina.core.StandardService   : Starting service [Tomcat]
appname:example 2019-07-15 22:54:40.573  INFO 6536 --- [restartedMain] org.apache.catalina.core.StandardEngine  : Starting Servlet engine: [Apache Tomcat/9.0.17]
appname:example 2019-07-15 22:54:40.596  INFO 6536 --- [restartedMain] o.a.c.c.C.[Tomcat].[localhost].[/]       : Initializing Spring embedded WebApplicationContext
appname:example 2019-07-15 22:54:40.596  INFO 6536 --- [restartedMain] o.s.web.context.ContextLoader            : Root WebApplicationContext: initialization completed in 802 ms
appname:example 2019-07-15 22:54:41.009  INFO 6536 --- [restartedMain] o.s.s.concurrent.ThreadPoolTaskExecutor  : Initializing ExecutorService 'applicationTaskExecutor'
appname:example 2019-07-15 22:54:41.168  INFO 6536 --- [restartedMain] o.s.b.d.a.OptionalLiveReloadServer       : LiveReload server is running on port 35729
appname:example 2019-07-15 22:54:41.200  INFO 6536 --- [restartedMain] o.s.b.w.embedded.tomcat.TomcatWebServer  : Tomcat started on port(s): 8080 (http) with context path ''
appname:example 2019-07-15 22:54:41.201  INFO 6536 --- [restartedMain] com.lgj.App                              : Started App in 1.473 seconds (JVM running for 2323.057)
appname:example 2019-07-15 22:54:41.209  INFO 6536 --- [restartedMain] .ConditionEvaluationDeltaLoggingListener : Condition evaluation unchanged
appname:example 2019-07-15 22:54:44.537  INFO 6536 --- [http-nio-8080-exec-1] o.a.c.c.C.[Tomcat].[localhost].[/]       : Initializing Spring DispatcherServlet 'dispatcherServlet'
appname:example 2019-07-15 22:54:44.538  INFO 6536 --- [http-nio-8080-exec-1] o.s.web.servlet.DispatcherServlet        : Initializing Servlet 'dispatcherServlet'
appname:example 2019-07-15 22:54:44.543  INFO 6536 --- [http-nio-8080-exec-1] o.s.web.servlet.DispatcherServlet        : Completed initialization in 5 ms
appname:example 2019-07-15 22:54:44.561  INFO 6536 --- [http-nio-8080-exec-1] com.alibaba.druid.pool.DruidDataSource   : {dataSource-4} inited
appname:example 2019-07-15 22:55:26.526 ERROR 6536 --- [http-nio-8080-exec-1] o.a.c.c.C.[.[.[/].[dispatcherServlet]    : Servlet.service() for servlet [dispatcherServlet] in context with path [] threw exception [Request processing failed; nested exception is com.alibaba.fastjson.JSONException: exepct '[', but string, pos 245, line 1, column 246"[{\"countrycode\":\"CN\",\"countryname\":\"中国\"},{\"countrycode\":\"USA\",\"countryname\":\"美国\"},{\"countrycode\":\"RU\",\"countryname\":\"俄罗斯\"},{\"countrycode\":\"GB\",\"countryname\":\"英国\"},{\"countrycode\":\"FR\",\"countryname\":\"法国\"}]"] with root cause

com.alibaba.fastjson.JSONException: exepct '[', but string, pos 245, line 1, column 246"[{\"countrycode\":\"CN\",\"countryname\":\"中国\"},{\"countrycode\":\"USA\",\"countryname\":\"美国\"},{\"countrycode\":\"RU\",\"countryname\":\"俄罗斯\"},{\"countrycode\":\"GB\",\"countryname\":\"英国\"},{\"countrycode\":\"FR\",\"countryname\":\"法国\"}]"
	at com.alibaba.fastjson.parser.DefaultJSONParser.parseArray(DefaultJSONParser.java:704)
	at com.alibaba.fastjson.parser.DefaultJSONParser.parseArray(DefaultJSONParser.java:692)
	at com.alibaba.fastjson.parser.DefaultJSONParser.parseArray(DefaultJSONParser.java:687)
	at com.alibaba.fastjson.JSON.parseArray(JSON.java:538)
	at com.lgj.domain.impl.TestDomainImpl.query(TestDomainImpl.java:64)
	at com.lgj.controller.TestController.query(TestController.java:39)
	at sun.reflect.NativeMethodAccessorImpl.invoke0(Native Method)
	at sun.reflect.NativeMethodAccessorImpl.invoke(Unknown Source)
	at sun.reflect.DelegatingMethodAccessorImpl.invoke(Unknown Source)
	at java.lang.reflect.Method.invoke(Unknown Source)
	at org.springframework.web.method.support.InvocableHandlerMethod.doInvoke(InvocableHandlerMethod.java:189)
	at org.springframework.web.method.support.InvocableHandlerMethod.invokeForRequest(InvocableHandlerMethod.java:138)
	at org.springframework.web.servlet.mvc.method.annotation.ServletInvocableHandlerMethod.invokeAndHandle(ServletInvocableHandlerMethod.java:102)
	at org.springframework.web.servlet.mvc.method.annotation.RequestMappingHandlerAdapter.invokeHandlerMethod(RequestMappingHandlerAdapter.java:892)
	at org.springframework.web.servlet.mvc.method.annotation.RequestMappingHandlerAdapter.handleInternal(RequestMappingHandlerAdapter.java:797)
	at org.springframework.web.servlet.mvc.method.AbstractHandlerMethodAdapter.handle(AbstractHandlerMethodAdapter.java:87)
	at org.springframework.web.servlet.DispatcherServlet.doDispatch(DispatcherServlet.java:1038)
	at org.springframework.web.servlet.DispatcherServlet.doService(DispatcherServlet.java:942)
	at org.springframework.web.servlet.FrameworkServlet.processRequest(FrameworkServlet.java:1005)
	at org.springframework.web.servlet.FrameworkServlet.doGet(FrameworkServlet.java:897)
	at javax.servlet.http.HttpServlet.service(HttpServlet.java:634)
	at org.springframework.web.servlet.FrameworkServlet.service(FrameworkServlet.java:882)
	at javax.servlet.http.HttpServlet.service(HttpServlet.java:741)
	at org.apache.catalina.core.ApplicationFilterChain.internalDoFilter(ApplicationFilterChain.java:231)
	at org.apache.catalina.core.ApplicationFilterChain.doFilter(ApplicationFilterChain.java:166)
	at org.apache.tomcat.websocket.server.WsFilter.doFilter(WsFilter.java:53)
	at org.apache.catalina.core.ApplicationFilterChain.internalDoFilter(ApplicationFilterChain.java:193)
	at org.apache.catalina.core.ApplicationFilterChain.doFilter(ApplicationFilterChain.java:166)
	at org.springframework.web.filter.RequestContextFilter.doFilterInternal(RequestContextFilter.java:99)
	at org.springframework.web.filter.OncePerRequestFilter.doFilter(OncePerRequestFilter.java:107)
	at org.apache.catalina.core.ApplicationFilterChain.internalDoFilter(ApplicationFilterChain.java:193)
	at org.apache.catalina.core.ApplicationFilterChain.doFilter(ApplicationFilterChain.java:166)
	at org.springframework.web.filter.FormContentFilter.doFilterInternal(FormContentFilter.java:92)
	at org.springframework.web.filter.OncePerRequestFilter.doFilter(OncePerRequestFilter.java:107)
	at org.apache.catalina.core.ApplicationFilterChain.internalDoFilter(ApplicationFilterChain.java:193)
	at org.apache.catalina.core.ApplicationFilterChain.doFilter(ApplicationFilterChain.java:166)
	at org.springframework.web.filter.HiddenHttpMethodFilter.doFilterInternal(HiddenHttpMethodFilter.java:93)
	at org.springframework.web.filter.OncePerRequestFilter.doFilter(OncePerRequestFilter.java:107)
	at org.apache.catalina.core.ApplicationFilterChain.internalDoFilter(ApplicationFilterChain.java:193)
	at org.apache.catalina.core.ApplicationFilterChain.doFilter(ApplicationFilterChain.java:166)
	at org.springframework.web.filter.CharacterEncodingFilter.doFilterInternal(CharacterEncodingFilter.java:200)
	at org.springframework.web.filter.OncePerRequestFilter.doFilter(OncePerRequestFilter.java:107)
	at org.apache.catalina.core.ApplicationFilterChain.internalDoFilter(ApplicationFilterChain.java:193)
	at org.apache.catalina.core.ApplicationFilterChain.doFilter(ApplicationFilterChain.java:166)
	at org.apache.catalina.core.StandardWrapperValve.invoke(StandardWrapperValve.java:200)
	at org.apache.catalina.core.StandardContextValve.invoke(StandardContextValve.java:96)
	at org.apache.catalina.authenticator.AuthenticatorBase.invoke(AuthenticatorBase.java:490)
	at org.apache.catalina.core.StandardHostValve.invoke(StandardHostValve.java:139)
	at org.apache.catalina.valves.ErrorReportValve.invoke(ErrorReportValve.java:92)
	at org.apache.catalina.core.StandardEngineValve.invoke(StandardEngineValve.java:74)
	at org.apache.catalina.connector.CoyoteAdapter.service(CoyoteAdapter.java:343)
	at org.apache.coyote.http11.Http11Processor.service(Http11Processor.java:408)
	at org.apache.coyote.AbstractProcessorLight.process(AbstractProcessorLight.java:66)
	at org.apache.coyote.AbstractProtocol$ConnectionHandler.process(AbstractProtocol.java:834)
	at org.apache.tomcat.util.net.NioEndpoint$SocketProcessor.doRun(NioEndpoint.java:1415)
	at org.apache.tomcat.util.net.SocketProcessorBase.run(SocketProcessorBase.java:49)
	at java.util.concurrent.ThreadPoolExecutor.runWorker(Unknown Source)
	at java.util.concurrent.ThreadPoolExecutor$Worker.run(Unknown Source)
	at org.apache.tomcat.util.threads.TaskThread$WrappingRunnable.run(TaskThread.java:61)
	at java.lang.Thread.run(Unknown Source)

appname:example 2019-07-15 22:57:59.779  INFO 6536 --- [lettuce-nioEventLoop-17-1] io.lettuce.core.protocol.CommandHandler  : null Unexpected exception during request: java.io.IOException: 远程主机强迫关闭了一个现有的连接。

java.io.IOException: 远程主机强迫关闭了一个现有的连接。
	at sun.nio.ch.SocketDispatcher.read0(Native Method)
	at sun.nio.ch.SocketDispatcher.read(Unknown Source)
	at sun.nio.ch.IOUtil.readIntoNativeBuffer(Unknown Source)
	at sun.nio.ch.IOUtil.read(Unknown Source)
	at sun.nio.ch.SocketChannelImpl.read(Unknown Source)
	at io.netty.buffer.PooledUnsafeDirectByteBuf.setBytes(PooledUnsafeDirectByteBuf.java:288)
	at io.netty.buffer.AbstractByteBuf.writeBytes(AbstractByteBuf.java:1125)
	at io.netty.channel.socket.nio.NioSocketChannel.doReadBytes(NioSocketChannel.java:347)
	at io.netty.channel.nio.AbstractNioByteChannel$NioByteUnsafe.read(AbstractNioByteChannel.java:148)
	at io.netty.channel.nio.NioEventLoop.processSelectedKey(NioEventLoop.java:677)
	at io.netty.channel.nio.NioEventLoop.processSelectedKeysOptimized(NioEventLoop.java:612)
	at io.netty.channel.nio.NioEventLoop.processSelectedKeys(NioEventLoop.java:529)
	at io.netty.channel.nio.NioEventLoop.run(NioEventLoop.java:491)
	at io.netty.util.concurrent.SingleThreadEventExecutor$5.run(SingleThreadEventExecutor.java:905)
	at io.netty.util.concurrent.FastThreadLocalRunnable.run(FastThreadLocalRunnable.java:30)
	at java.lang.Thread.run(Unknown Source)

appname:example 2019-07-15 22:57:59.890  INFO 6536 --- [lettuce-eventExecutorLoop-15-3] i.l.core.protocol.ConnectionWatchdog     : Reconnecting, last destination was /127.0.0.1:6379
appname:example 2019-07-15 22:58:01.010  WARN 6536 --- [lettuce-nioEventLoop-17-2] i.l.core.protocol.ConnectionWatchdog     : Cannot reconnect: io.netty.channel.AbstractChannel$AnnotatedConnectException: Connection refused: no further information: /127.0.0.1:6379
